{"/Users/federica/Desktop/vuex-table/src/App.vue": {"path":"/Users/federica/Desktop/vuex-table/src/App.vue","statementMap":{"0":{"start":{"line":15,"column":0},"end":{"line":null,"column":-1}},"1":{"start":{"line":23,"column":0},"end":{"line":null,"column":-1}}},"fnMap":{"0":{"name":"data","decl":{"start":{"line":22,"column":0},"end":{"line":null,"column":-1}},"loc":{"start":{"line":22,"column":0},"end":{"line":61,"column":0}}}},"branchMap":{},"s":{"0":0,"1":0},"f":{"0":0},"b":{}}
,"/Users/federica/Desktop/vuex-table/src/store.js": {"path":"/Users/federica/Desktop/vuex-table/src/store.js","statementMap":{"0":{"start":{"line":1,"column":0},"end":{"line":null,"column":-1}},"1":{"start":{"line":2,"column":0},"end":{"line":null,"column":-1}}},"fnMap":{},"branchMap":{},"s":{"0":0,"1":0},"f":{},"b":{}}
,"/Users/federica/Desktop/vuex-table/src/components/column/Column.js": {"path":"/Users/federica/Desktop/vuex-table/src/components/column/Column.js","statementMap":{"0":{"start":{"line":4,"column":4},"end":{"line":null,"column":-1}}},"fnMap":{"0":{"name":"data","decl":{"start":{"line":1,"column":15},"end":{"line":3,"column":8}},"loc":{"start":{"line":3,"column":9},"end":{"line":1,"column":15}}}},"branchMap":{"0":{"loc":{"start":{"line":6,"column":16},"end":{"line":6,"column":15}},"type":"binary-expr","locations":[{"start":{"line":6,"column":16},"end":{"line":6,"column":15}},{"start":{"line":6,"column":34},"end":{"line":5,"column":13}}]}},"s":{"0":0},"f":{"0":0},"b":{"0":[0,0]}}
,"/Users/federica/Desktop/vuex-table/src/components/column/Column.vue": {"path":"/Users/federica/Desktop/vuex-table/src/components/column/Column.vue","statementMap":{"0":{"start":{"line":4,"column":0},"end":{"line":null,"column":-1}}},"fnMap":{"0":{"name":"data","decl":{"start":{"line":3,"column":0},"end":{"line":null,"column":-1}},"loc":{"start":{"line":3,"column":0},"end":{"line":9,"column":0}}}},"branchMap":{"0":{"loc":{"start":{"line":6,"column":0},"end":{"line":null,"column":-1}},"type":"binary-expr","locations":[{"start":{"line":6,"column":0},"end":{"line":null,"column":-1}},{"start":{"line":6,"column":0},"end":{"line":null,"column":-1}}]}},"s":{"0":0},"f":{"0":0},"b":{"0":[0,0]}}
,"/Users/federica/Desktop/vuex-table/src/components/datatable/Datatable.js": {"path":"/Users/federica/Desktop/vuex-table/src/components/datatable/Datatable.js","statementMap":{"0":{"start":{"line":1,"column":0},"end":{"line":null,"column":-1}},"1":{"start":{"line":2,"column":0},"end":{"line":null,"column":-1}},"2":{"start":{"line":3,"column":0},"end":{"line":null,"column":-1}},"3":{"start":{"line":4,"column":0},"end":{"line":null,"column":-1}},"4":{"start":{"line":11,"column":4},"end":{"line":null,"column":-1}},"5":{"start":{"line":28,"column":10},"end":{"line":null,"column":-1}},"6":{"start":{"line":29,"column":10},"end":{"line":null,"column":-1}},"7":{"start":{"line":36,"column":43},"end":{"line":36,"column":9}},"8":{"start":{"line":37,"column":36},"end":{"line":37,"column":12}},"9":{"start":{"line":51,"column":40},"end":{"line":51,"column":13}},"10":{"start":{"line":53,"column":46},"end":{"line":53,"column":19}},"11":{"start":{"line":54,"column":40},"end":{"line":54,"column":16}},"12":{"start":{"line":57,"column":42},"end":{"line":57,"column":18}},"13":{"start":{"line":59,"column":46},"end":{"line":59,"column":19}},"14":{"start":{"line":67,"column":6},"end":{"line":69,"column":7}},"15":{"start":{"line":68,"column":8},"end":{"line":null,"column":-1}},"16":{"start":{"line":70,"column":26},"end":{"line":70,"column":6}},"17":{"start":{"line":71,"column":27},"end":{"line":71,"column":6}},"18":{"start":{"line":72,"column":6},"end":{"line":74,"column":7}},"19":{"start":{"line":73,"column":8},"end":{"line":null,"column":-1}},"20":{"start":{"line":75,"column":20},"end":{"line":75,"column":6}},"21":{"start":{"line":76,"column":18},"end":{"line":76,"column":6}},"22":{"start":{"line":77,"column":6},"end":{"line":null,"column":-1}},"23":{"start":{"line":79,"column":21},"end":{"line":null,"column":-1}},"24":{"start":{"line":80,"column":31},"end":{"line":80,"column":6}},"25":{"start":{"line":81,"column":8},"end":{"line":80,"column":30}},"26":{"start":{"line":82,"column":6},"end":{"line":84,"column":7}},"27":{"start":{"line":83,"column":8},"end":{"line":null,"column":-1}},"28":{"start":{"line":85,"column":27},"end":{"line":85,"column":6}},"29":{"start":{"line":85,"column":49},"end":{"line":85,"column":26}},"30":{"start":{"line":86,"column":6},"end":{"line":null,"column":-1}},"31":{"start":{"line":89,"column":25},"end":{"line":null,"column":-1}},"32":{"start":{"line":90,"column":31},"end":{"line":90,"column":6}},"33":{"start":{"line":90,"column":57},"end":{"line":90,"column":30}},"34":{"start":{"line":91,"column":6},"end":{"line":null,"column":-1}},"35":{"start":{"line":95,"column":6},"end":{"line":102,"column":7}},"36":{"start":{"line":96,"column":24},"end":{"line":96,"column":8}},"37":{"start":{"line":97,"column":8},"end":{"line":null,"column":-1}},"38":{"start":{"line":97,"column":41},"end":{"line":97,"column":14}},"39":{"start":{"line":97,"column":60},"end":{"line":97,"column":48}},"40":{"start":{"line":97,"column":101},"end":{"line":97,"column":47}},"41":{"start":{"line":101,"column":8},"end":{"line":null,"column":-1}},"42":{"start":{"line":105,"column":6},"end":{"line":null,"column":-1}},"43":{"start":{"line":105,"column":34},"end":{"line":105,"column":12}},"44":{"start":{"line":109,"column":6},"end":{"line":null,"column":-1}},"45":{"start":{"line":110,"column":6},"end":{"line":null,"column":-1}},"46":{"start":{"line":114,"column":20},"end":{"line":null,"column":-1}},"47":{"start":{"line":115,"column":29},"end":{"line":115,"column":6}},"48":{"start":{"line":117,"column":6},"end":{"line":null,"column":-1}},"49":{"start":{"line":118,"column":6},"end":{"line":null,"column":-1}},"50":{"start":{"line":119,"column":6},"end":{"line":null,"column":-1}},"51":{"start":{"line":120,"column":8},"end":{"line":120,"column":43}},"52":{"start":{"line":120,"column":43},"end":{"line":null,"column":-1}},"53":{"start":{"line":122,"column":6},"end":{"line":124,"column":7}},"54":{"start":{"line":123,"column":8},"end":{"line":null,"column":-1}},"55":{"start":{"line":127,"column":6},"end":{"line":127,"column":35}},"56":{"start":{"line":127,"column":35},"end":{"line":null,"column":-1}},"57":{"start":{"line":128,"column":6},"end":{"line":null,"column":-1}},"58":{"start":{"line":131,"column":6},"end":{"line":null,"column":-1}},"59":{"start":{"line":133,"column":28},"end":{"line":null,"column":-1}},"60":{"start":{"line":134,"column":6},"end":{"line":142,"column":7}},"61":{"start":{"line":135,"column":8},"end":{"line":null,"column":-1}},"62":{"start":{"line":136,"column":8},"end":{"line":null,"column":-1}},"63":{"start":{"line":137,"column":13},"end":{"line":142,"column":7}},"64":{"start":{"line":138,"column":8},"end":{"line":141,"column":9}},"65":{"start":{"line":139,"column":10},"end":{"line":null,"column":-1}},"66":{"start":{"line":140,"column":28},"end":{"line":140,"column":11}},"67":{"start":{"line":145,"column":6},"end":{"line":null,"column":-1}},"68":{"start":{"line":148,"column":6},"end":{"line":null,"column":-1}},"69":{"start":{"line":152,"column":6},"end":{"line":null,"column":-1}},"70":{"start":{"line":156,"column":6},"end":{"line":null,"column":-1}},"71":{"start":{"line":160,"column":6},"end":{"line":null,"column":-1}},"72":{"start":{"line":168,"column":40},"end":{"line":null,"column":-1}},"73":{"start":{"line":169,"column":19},"end":{"line":169,"column":6}},"74":{"start":{"line":170,"column":6},"end":{"line":183,"column":7}},"75":{"start":{"line":171,"column":8},"end":{"line":null,"column":-1}},"76":{"start":{"line":171,"column":32},"end":{"line":171,"column":16}},"77":{"start":{"line":173,"column":8},"end":{"line":null,"column":-1}},"78":{"start":{"line":174,"column":22},"end":{"line":174,"column":10}},"79":{"start":{"line":175,"column":22},"end":{"line":175,"column":10}},"80":{"start":{"line":176,"column":10},"end":{"line":176,"column":37}},"81":{"start":{"line":176,"column":37},"end":{"line":null,"column":-1}},"82":{"start":{"line":177,"column":10},"end":{"line":177,"column":37}},"83":{"start":{"line":177,"column":37},"end":{"line":null,"column":-1}},"84":{"start":{"line":178,"column":10},"end":{"line":178,"column":31}},"85":{"start":{"line":178,"column":31},"end":{"line":null,"column":-1}},"86":{"start":{"line":179,"column":10},"end":{"line":null,"column":-1}},"87":{"start":{"line":180,"column":10},"end":{"line":null,"column":-1}},"88":{"start":{"line":181,"column":10},"end":{"line":null,"column":-1}},"89":{"start":{"line":184,"column":6},"end":{"line":null,"column":-1}},"90":{"start":{"line":187,"column":39},"end":{"line":187,"column":38}},"91":{"start":{"line":188,"column":6},"end":{"line":190,"column":7}},"92":{"start":{"line":189,"column":8},"end":{"line":null,"column":-1}},"93":{"start":{"line":191,"column":6},"end":{"line":193,"column":7}},"94":{"start":{"line":192,"column":8},"end":{"line":null,"column":-1}},"95":{"start":{"line":194,"column":6},"end":{"line":204,"column":7}},"96":{"start":{"line":195,"column":8},"end":{"line":null,"column":-1}},"97":{"start":{"line":198,"column":8},"end":{"line":null,"column":-1}},"98":{"start":{"line":205,"column":6},"end":{"line":null,"column":-1}},"99":{"start":{"line":209,"column":22},"end":{"line":null,"column":-1}},"100":{"start":{"line":210,"column":6},"end":{"line":212,"column":7}},"101":{"start":{"line":211,"column":8},"end":{"line":null,"column":-1}},"102":{"start":{"line":213,"column":22},"end":{"line":213,"column":6}},"103":{"start":{"line":214,"column":26},"end":{"line":214,"column":6}},"104":{"start":{"line":215,"column":6},"end":{"line":222,"column":7}},"105":{"start":{"line":216,"column":8},"end":{"line":null,"column":-1}},"106":{"start":{"line":217,"column":8},"end":{"line":219,"column":9}},"107":{"start":{"line":218,"column":10},"end":{"line":null,"column":-1}},"108":{"start":{"line":221,"column":8},"end":{"line":null,"column":-1}},"109":{"start":{"line":223,"column":6},"end":{"line":null,"column":-1}},"110":{"start":{"line":224,"column":8},"end":{"line":227,"column":9}},"111":{"start":{"line":225,"column":10},"end":{"line":null,"column":-1}},"112":{"start":{"line":226,"column":10},"end":{"line":null,"column":-1}},"113":{"start":{"line":233,"column":6},"end":{"line":null,"column":-1}},"114":{"start":{"line":234,"column":6},"end":{"line":null,"column":-1}},"115":{"start":{"line":235,"column":6},"end":{"line":null,"column":-1}},"116":{"start":{"line":241,"column":6},"end":{"line":null,"column":-1}},"117":{"start":{"line":245,"column":20},"end":{"line":245,"column":6}},"118":{"start":{"line":246,"column":6},"end":{"line":248,"column":7}},"119":{"start":{"line":247,"column":8},"end":{"line":null,"column":-1}},"120":{"start":{"line":251,"column":6},"end":{"line":255,"column":7}},"121":{"start":{"line":252,"column":8},"end":{"line":null,"column":-1}},"122":{"start":{"line":254,"column":8},"end":{"line":null,"column":-1}},"123":{"start":{"line":256,"column":6},"end":{"line":null,"column":-1}},"124":{"start":{"line":257,"column":6},"end":{"line":null,"column":-1}},"125":{"start":{"line":260,"column":16},"end":{"line":null,"column":-1}},"126":{"start":{"line":261,"column":29},"end":{"line":261,"column":6}},"127":{"start":{"line":262,"column":6},"end":{"line":null,"column":-1}},"128":{"start":{"line":263,"column":8},"end":{"line":null,"column":-1}},"129":{"start":{"line":264,"column":8},"end":{"line":268,"column":9}},"130":{"start":{"line":265,"column":10},"end":{"line":267,"column":11}},"131":{"start":{"line":266,"column":12},"end":{"line":null,"column":-1}},"132":{"start":{"line":270,"column":6},"end":{"line":null,"column":-1}},"133":{"start":{"line":271,"column":6},"end":{"line":null,"column":-1}},"134":{"start":{"line":272,"column":6},"end":{"line":null,"column":-1}},"135":{"start":{"line":275,"column":20},"end":{"line":275,"column":6}},"136":{"start":{"line":275,"column":43},"end":{"line":275,"column":19}},"137":{"start":{"line":276,"column":6},"end":{"line":null,"column":-1}},"138":{"start":{"line":280,"column":6},"end":{"line":null,"column":-1}},"139":{"start":{"line":281,"column":6},"end":{"line":null,"column":-1}},"140":{"start":{"line":282,"column":6},"end":{"line":null,"column":-1}},"141":{"start":{"line":287,"column":6},"end":{"line":null,"column":-1}},"142":{"start":{"line":288,"column":6},"end":{"line":290,"column":7}},"143":{"start":{"line":289,"column":8},"end":{"line":null,"column":-1}},"144":{"start":{"line":293,"column":6},"end":{"line":null,"column":-1}},"145":{"start":{"line":294,"column":6},"end":{"line":296,"column":7}},"146":{"start":{"line":295,"column":8},"end":{"line":null,"column":-1}},"147":{"start":{"line":302,"column":19},"end":{"line":302,"column":6}},"148":{"start":{"line":304,"column":6},"end":{"line":310,"column":7}},"149":{"start":{"line":305,"column":8},"end":{"line":null,"column":-1}},"150":{"start":{"line":306,"column":8},"end":{"line":null,"column":-1}},"151":{"start":{"line":308,"column":8},"end":{"line":null,"column":-1}},"152":{"start":{"line":309,"column":8},"end":{"line":null,"column":-1}},"153":{"start":{"line":311,"column":6},"end":{"line":null,"column":-1}},"154":{"start":{"line":315,"column":20},"end":{"line":315,"column":6}},"155":{"start":{"line":316,"column":6},"end":{"line":null,"column":-1}},"156":{"start":{"line":320,"column":20},"end":{"line":320,"column":6}},"157":{"start":{"line":321,"column":16},"end":{"line":321,"column":6}},"158":{"start":{"line":322,"column":6},"end":{"line":null,"column":-1}},"159":{"start":{"line":326,"column":20},"end":{"line":326,"column":6}},"160":{"start":{"line":327,"column":21},"end":{"line":327,"column":6}},"161":{"start":{"line":328,"column":6},"end":{"line":null,"column":-1}},"162":{"start":{"line":332,"column":18},"end":{"line":332,"column":6}},"163":{"start":{"line":333,"column":6},"end":{"line":null,"column":-1}}},"fnMap":{"0":{"name":"data","decl":{"start":{"line":6,"column":15},"end":{"line":10,"column":8}},"loc":{"start":{"line":10,"column":9},"end":{"line":6,"column":15}}},"1":{"name":"(anonymous_2)","decl":{"start":{"line":27,"column":42},"end":{"line":27,"column":42}},"loc":{"start":{"line":27,"column":54},"end":{"line":27,"column":22}}},"2":{"name":"_default","decl":{"start":{"line":36,"column":43},"end":{"line":36,"column":48}},"loc":{"start":{"line":36,"column":43},"end":{"line":36,"column":10}}},"3":{"name":"_default","decl":{"start":{"line":37,"column":36},"end":{"line":37,"column":41}},"loc":{"start":{"line":37,"column":36},"end":{"line":37,"column":13}}},"4":{"name":"_default","decl":{"start":{"line":51,"column":40},"end":{"line":51,"column":45}},"loc":{"start":{"line":51,"column":40},"end":{"line":51,"column":14}}},"5":{"name":"_default","decl":{"start":{"line":53,"column":46},"end":{"line":53,"column":51}},"loc":{"start":{"line":53,"column":46},"end":{"line":53,"column":20}}},"6":{"name":"_default","decl":{"start":{"line":54,"column":40},"end":{"line":54,"column":45}},"loc":{"start":{"line":54,"column":40},"end":{"line":54,"column":17}}},"7":{"name":"_default","decl":{"start":{"line":57,"column":42},"end":{"line":57,"column":47}},"loc":{"start":{"line":57,"column":42},"end":{"line":57,"column":19}}},"8":{"name":"_default","decl":{"start":{"line":59,"column":46},"end":{"line":59,"column":51}},"loc":{"start":{"line":59,"column":46},"end":{"line":59,"column":20}}},"9":{"name":"paginateData","decl":{"start":{"line":65,"column":12},"end":{"line":66,"column":19}},"loc":{"start":{"line":66,"column":20},"end":{"line":65,"column":12}}},"10":{"name":"isAllChecked","decl":{"start":{"line":65,"column":12},"end":{"line":79,"column":20}},"loc":{"start":{"line":79,"column":21},"end":{"line":65,"column":12}}},"11":{"name":"(anonymous_12)","decl":{"start":{"line":81,"column":8},"end":{"line":81,"column":14}},"loc":{"start":{"line":81,"column":8},"end":{"line":80,"column":31}}},"12":{"name":"(anonymous_13)","decl":{"start":{"line":85,"column":49},"end":{"line":85,"column":69}},"loc":{"start":{"line":85,"column":49},"end":{"line":85,"column":27}}},"13":{"name":"isAllUncheckable","decl":{"start":{"line":65,"column":12},"end":{"line":89,"column":24}},"loc":{"start":{"line":89,"column":25},"end":{"line":65,"column":12}}},"14":{"name":"(anonymous_15)","decl":{"start":{"line":90,"column":57},"end":{"line":90,"column":63}},"loc":{"start":{"line":90,"column":57},"end":{"line":90,"column":31}}},"15":{"name":"searchData","decl":{"start":{"line":65,"column":12},"end":{"line":94,"column":17}},"loc":{"start":{"line":94,"column":18},"end":{"line":65,"column":12}}},"16":{"name":"(anonymous_17)","decl":{"start":{"line":97,"column":41},"end":{"line":97,"column":48}},"loc":{"start":{"line":97,"column":41},"end":{"line":97,"column":15}}},"17":{"name":"(anonymous_18)","decl":{"start":{"line":97,"column":60},"end":{"line":97,"column":68}},"loc":{"start":{"line":97,"column":60},"end":{"line":97,"column":49}}},"18":{"name":"(anonymous_19)","decl":{"start":{"line":97,"column":101},"end":{"line":97,"column":107}},"loc":{"start":{"line":97,"column":101},"end":{"line":97,"column":48}}},"19":{"name":"hasSortableNewColumns","decl":{"start":{"line":65,"column":12},"end":{"line":104,"column":30}},"loc":{"start":{"line":104,"column":31},"end":{"line":65,"column":12}}},"20":{"name":"(anonymous_21)","decl":{"start":{"line":105,"column":34},"end":{"line":105,"column":43}},"loc":{"start":{"line":105,"column":34},"end":{"line":105,"column":13}}},"21":{"name":"isMobile","decl":{"start":{"line":65,"column":12},"end":{"line":108,"column":15}},"loc":{"start":{"line":108,"column":16},"end":{"line":65,"column":12}}},"22":{"name":"setData","decl":{"start":{"line":113,"column":9},"end":{"line":114,"column":12}},"loc":{"start":{"line":114,"column":20},"end":{"line":113,"column":9}}},"23":{"name":"(anonymous_24)","decl":{"start":{"line":119,"column":21},"end":{"line":119,"column":26}},"loc":{"start":{"line":119,"column":27},"end":{"line":119,"column":6}}},"24":{"name":"total","decl":{"start":{"line":113,"column":9},"end":{"line":126,"column":9}},"loc":{"start":{"line":126,"column":20},"end":{"line":113,"column":9}}},"25":{"name":"columns","decl":{"start":{"line":113,"column":9},"end":{"line":130,"column":11}},"loc":{"start":{"line":130,"column":19},"end":{"line":113,"column":9}}},"26":{"name":"newColumns","decl":{"start":{"line":113,"column":9},"end":{"line":133,"column":15}},"loc":{"start":{"line":133,"column":28},"end":{"line":113,"column":9}}},"27":{"name":"(anonymous_28)","decl":{"start":{"line":140,"column":28},"end":{"line":140,"column":33}},"loc":{"start":{"line":140,"column":28},"end":{"line":140,"column":12}}},"28":{"name":"currentPage","decl":{"start":{"line":113,"column":9},"end":{"line":144,"column":16}},"loc":{"start":{"line":144,"column":24},"end":{"line":113,"column":9}}},"29":{"name":"rows","decl":{"start":{"line":113,"column":9},"end":{"line":147,"column":8}},"loc":{"start":{"line":147,"column":18},"end":{"line":113,"column":9}}},"30":{"name":"openedDetailed","decl":{"start":{"line":113,"column":9},"end":{"line":151,"column":19}},"loc":{"start":{"line":151,"column":34},"end":{"line":113,"column":9}}},"31":{"name":"value","decl":{"start":{"line":113,"column":9},"end":{"line":155,"column":9}},"loc":{"start":{"line":155,"column":17},"end":{"line":113,"column":9}}},"32":{"name":"newValue","decl":{"start":{"line":113,"column":9},"end":{"line":159,"column":12}},"loc":{"start":{"line":159,"column":20},"end":{"line":113,"column":9}}},"33":{"name":"sortBy","decl":{"start":{"line":165,"column":11},"end":{"line":168,"column":11}},"loc":{"start":{"line":168,"column":40},"end":{"line":165,"column":11}}},"34":{"name":"(anonymous_35)","decl":{"start":{"line":171,"column":32},"end":{"line":171,"column":32}},"loc":{"start":{"line":171,"column":32},"end":{"line":171,"column":17}}},"35":{"name":"(anonymous_36)","decl":{"start":{"line":173,"column":32},"end":{"line":173,"column":32}},"loc":{"start":{"line":173,"column":42},"end":{"line":173,"column":17}}},"36":{"name":"sort","decl":{"start":{"line":165,"column":11},"end":{"line":187,"column":8}},"loc":{"start":{"line":187,"column":39},"end":{"line":165,"column":11}}},"37":{"name":"initializeSort","decl":{"start":{"line":165,"column":11},"end":{"line":209,"column":21}},"loc":{"start":{"line":209,"column":22},"end":{"line":165,"column":11}}},"38":{"name":"(anonymous_39)","decl":{"start":{"line":223,"column":36},"end":{"line":223,"column":36}},"loc":{"start":{"line":223,"column":48},"end":{"line":223,"column":6}}},"39":{"name":"changePage","decl":{"start":{"line":165,"column":11},"end":{"line":232,"column":15}},"loc":{"start":{"line":232,"column":22},"end":{"line":165,"column":11}}},"40":{"name":"isRowChecked","decl":{"start":{"line":165,"column":11},"end":{"line":240,"column":18}},"loc":{"start":{"line":240,"column":24},"end":{"line":165,"column":11}}},"41":{"name":"removeCheckedRow","decl":{"start":{"line":165,"column":11},"end":{"line":244,"column":22}},"loc":{"start":{"line":244,"column":28},"end":{"line":165,"column":11}}},"42":{"name":"checkRow","decl":{"start":{"line":165,"column":11},"end":{"line":250,"column":13}},"loc":{"start":{"line":250,"column":19},"end":{"line":165,"column":11}}},"43":{"name":"checkAll","decl":{"start":{"line":165,"column":11},"end":{"line":260,"column":15}},"loc":{"start":{"line":260,"column":16},"end":{"line":165,"column":11}}},"44":{"name":"(anonymous_45)","decl":{"start":{"line":262,"column":31},"end":{"line":262,"column":31}},"loc":{"start":{"line":262,"column":47},"end":{"line":262,"column":6}}},"45":{"name":"getValueByPath","decl":{"start":{"line":165,"column":11},"end":{"line":274,"column":21}},"loc":{"start":{"line":274,"column":33},"end":{"line":165,"column":11}}},"46":{"name":"(anonymous_47)","decl":{"start":{"line":275,"column":43},"end":{"line":275,"column":43}},"loc":{"start":{"line":275,"column":43},"end":{"line":275,"column":20}}},"47":{"name":"toggleColumn","decl":{"start":{"line":165,"column":11},"end":{"line":279,"column":16}},"loc":{"start":{"line":279,"column":25},"end":{"line":165,"column":11}}},"48":{"name":"nextCard","decl":{"start":{"line":165,"column":11},"end":{"line":286,"column":15}},"loc":{"start":{"line":286,"column":16},"end":{"line":165,"column":11}}},"49":{"name":"previousCard","decl":{"start":{"line":165,"column":11},"end":{"line":292,"column":19}},"loc":{"start":{"line":292,"column":20},"end":{"line":165,"column":11}}},"50":{"name":"toggleDetails","decl":{"start":{"line":165,"column":11},"end":{"line":301,"column":18}},"loc":{"start":{"line":301,"column":24},"end":{"line":165,"column":11}}},"51":{"name":"openDetailRow","decl":{"start":{"line":165,"column":11},"end":{"line":314,"column":19}},"loc":{"start":{"line":314,"column":25},"end":{"line":165,"column":11}}},"52":{"name":"closeDetailRow","decl":{"start":{"line":165,"column":11},"end":{"line":319,"column":20}},"loc":{"start":{"line":319,"column":26},"end":{"line":165,"column":11}}},"53":{"name":"isVisibleDetailRow","decl":{"start":{"line":165,"column":11},"end":{"line":325,"column":25}},"loc":{"start":{"line":325,"column":31},"end":{"line":165,"column":11}}},"54":{"name":"handleDetailKey","decl":{"start":{"line":165,"column":11},"end":{"line":331,"column":21}},"loc":{"start":{"line":331,"column":27},"end":{"line":165,"column":11}}}},"branchMap":{"0":{"loc":{"start":{"line":15,"column":47},"end":{"line":15,"column":22}},"type":"cond-expr","locations":[{"start":{"line":15,"column":47},"end":{"line":15,"column":22}},{"start":{"line":15,"column":60},"end":{"line":12,"column":13}}]},"1":{"loc":{"start":{"line":28,"column":25},"end":{"line":28,"column":24}},"type":"binary-expr","locations":[{"start":{"line":28,"column":25},"end":{"line":28,"column":24}},{"start":{"line":28,"column":38},"end":{"line":28,"column":10}}]},"2":{"loc":{"start":{"line":67,"column":6},"end":{"line":69,"column":7}},"type":"if","locations":[{"start":{"line":67,"column":6},"end":{"line":69,"column":7}},{"start":{"line":67,"column":6},"end":{"line":69,"column":7}}]},"3":{"loc":{"start":{"line":72,"column":6},"end":{"line":74,"column":7}},"type":"if","locations":[{"start":{"line":72,"column":6},"end":{"line":74,"column":7}},{"start":{"line":72,"column":6},"end":{"line":74,"column":7}}]},"4":{"loc":{"start":{"line":82,"column":6},"end":{"line":84,"column":7}},"type":"if","locations":[{"start":{"line":82,"column":6},"end":{"line":84,"column":7}},{"start":{"line":82,"column":6},"end":{"line":84,"column":7}}]},"5":{"loc":{"start":{"line":95,"column":6},"end":{"line":102,"column":7}},"type":"if","locations":[{"start":{"line":95,"column":6},"end":{"line":102,"column":7}},{"start":{"line":95,"column":6},"end":{"line":102,"column":7}}]},"6":{"loc":{"start":{"line":109,"column":32},"end":{"line":109,"column":6}},"type":"cond-expr","locations":[{"start":{"line":109,"column":32},"end":{"line":109,"column":6}},{"start":{"line":109,"column":59},"end":{"line":109,"column":6}}]},"7":{"loc":{"start":{"line":120,"column":8},"end":{"line":120,"column":43}},"type":"if","locations":[{"start":{"line":120,"column":8},"end":{"line":120,"column":43}},{"start":{"line":120,"column":8},"end":{"line":120,"column":43}}]},"8":{"loc":{"start":{"line":122,"column":6},"end":{"line":124,"column":7}},"type":"if","locations":[{"start":{"line":122,"column":6},"end":{"line":124,"column":7}},{"start":{"line":122,"column":6},"end":{"line":124,"column":7}}]},"9":{"loc":{"start":{"line":127,"column":6},"end":{"line":127,"column":35}},"type":"if","locations":[{"start":{"line":127,"column":6},"end":{"line":127,"column":35}},{"start":{"line":127,"column":6},"end":{"line":127,"column":35}}]},"10":{"loc":{"start":{"line":134,"column":6},"end":{"line":142,"column":7}},"type":"if","locations":[{"start":{"line":134,"column":6},"end":{"line":142,"column":7}},{"start":{"line":134,"column":6},"end":{"line":142,"column":7}}]},"11":{"loc":{"start":{"line":134,"column":10},"end":{"line":134,"column":9}},"type":"binary-expr","locations":[{"start":{"line":134,"column":10},"end":{"line":134,"column":9}},{"start":{"line":134,"column":31},"end":{"line":134,"column":6}}]},"12":{"loc":{"start":{"line":137,"column":13},"end":{"line":142,"column":7}},"type":"if","locations":[{"start":{"line":137,"column":13},"end":{"line":142,"column":7}},{"start":{"line":137,"column":13},"end":{"line":142,"column":7}}]},"13":{"loc":{"start":{"line":138,"column":8},"end":{"line":141,"column":9}},"type":"if","locations":[{"start":{"line":138,"column":8},"end":{"line":141,"column":9}},{"start":{"line":138,"column":8},"end":{"line":141,"column":9}}]},"14":{"loc":{"start":{"line":148,"column":27},"end":{"line":148,"column":37}},"type":"binary-expr","locations":[{"start":{"line":148,"column":27},"end":{"line":148,"column":37}},{"start":{"line":148,"column":38},"end":{"line":148,"column":6}}]},"15":{"loc":{"start":{"line":170,"column":6},"end":{"line":183,"column":7}},"type":"if","locations":[{"start":{"line":170,"column":6},"end":{"line":183,"column":7}},{"start":{"line":170,"column":6},"end":{"line":183,"column":7}}]},"16":{"loc":{"start":{"line":170,"column":10},"end":{"line":170,"column":17}},"type":"binary-expr","locations":[{"start":{"line":170,"column":10},"end":{"line":170,"column":17}},{"start":{"line":170,"column":18},"end":{"line":170,"column":6}}]},"17":{"loc":{"start":{"line":176,"column":10},"end":{"line":176,"column":37}},"type":"if","locations":[{"start":{"line":176,"column":10},"end":{"line":176,"column":37}},{"start":{"line":176,"column":10},"end":{"line":176,"column":37}}]},"18":{"loc":{"start":{"line":176,"column":14},"end":{"line":176,"column":13}},"type":"binary-expr","locations":[{"start":{"line":176,"column":14},"end":{"line":176,"column":13}},{"start":{"line":176,"column":24},"end":{"line":176,"column":10}}]},"19":{"loc":{"start":{"line":177,"column":10},"end":{"line":177,"column":37}},"type":"if","locations":[{"start":{"line":177,"column":10},"end":{"line":177,"column":37}},{"start":{"line":177,"column":10},"end":{"line":177,"column":37}}]},"20":{"loc":{"start":{"line":177,"column":14},"end":{"line":177,"column":13}},"type":"binary-expr","locations":[{"start":{"line":177,"column":14},"end":{"line":177,"column":13}},{"start":{"line":177,"column":24},"end":{"line":177,"column":10}}]},"21":{"loc":{"start":{"line":178,"column":10},"end":{"line":178,"column":31}},"type":"if","locations":[{"start":{"line":178,"column":10},"end":{"line":178,"column":31}},{"start":{"line":178,"column":10},"end":{"line":178,"column":31}}]},"22":{"loc":{"start":{"line":179,"column":48},"end":{"line":179,"column":18}},"type":"cond-expr","locations":[{"start":{"line":179,"column":48},"end":{"line":179,"column":18}},{"start":{"line":179,"column":70},"end":{"line":179,"column":10}}]},"23":{"loc":{"start":{"line":180,"column":48},"end":{"line":180,"column":18}},"type":"cond-expr","locations":[{"start":{"line":180,"column":48},"end":{"line":180,"column":18}},{"start":{"line":180,"column":70},"end":{"line":180,"column":10}}]},"24":{"loc":{"start":{"line":181,"column":29},"end":{"line":181,"column":17}},"type":"cond-expr","locations":[{"start":{"line":181,"column":29},"end":{"line":181,"column":17}},{"start":{"line":181,"column":58},"end":{"line":181,"column":10}}]},"25":{"loc":{"start":{"line":187,"column":39},"end":{"line":187,"column":31}},"type":"cond-expr","locations":[{"start":{"line":187,"column":39},"end":{"line":187,"column":31}},{"start":{"line":187,"column":32},"end":{"line":187,"column":39}}]},"26":{"loc":{"start":{"line":187,"column":39},"end":{"line":187,"column":31}},"type":"binary-expr","locations":[{"start":{"line":187,"column":39},"end":{"line":187,"column":31}},{"start":{"line":187,"column":39},"end":{"line":187,"column":31}}]},"27":{"loc":{"start":{"line":188,"column":6},"end":{"line":190,"column":7}},"type":"if","locations":[{"start":{"line":188,"column":6},"end":{"line":190,"column":7}},{"start":{"line":188,"column":6},"end":{"line":190,"column":7}}]},"28":{"loc":{"start":{"line":191,"column":6},"end":{"line":193,"column":7}},"type":"if","locations":[{"start":{"line":191,"column":6},"end":{"line":193,"column":7}},{"start":{"line":191,"column":6},"end":{"line":193,"column":7}}]},"29":{"loc":{"start":{"line":192,"column":73},"end":{"line":192,"column":31}},"type":"cond-expr","locations":[{"start":{"line":192,"column":73},"end":{"line":192,"column":31}},{"start":{"line":192,"column":98},"end":{"line":192,"column":8}}]},"30":{"loc":{"start":{"line":194,"column":6},"end":{"line":204,"column":7}},"type":"if","locations":[{"start":{"line":194,"column":6},"end":{"line":204,"column":7}},{"start":{"line":194,"column":6},"end":{"line":204,"column":7}}]},"31":{"loc":{"start":{"line":195,"column":64},"end":{"line":195,"column":41}},"type":"cond-expr","locations":[{"start":{"line":195,"column":64},"end":{"line":195,"column":41}},{"start":{"line":195,"column":72},"end":{"line":195,"column":8}}]},"32":{"loc":{"start":{"line":210,"column":6},"end":{"line":212,"column":7}},"type":"if","locations":[{"start":{"line":210,"column":6},"end":{"line":212,"column":7}},{"start":{"line":210,"column":6},"end":{"line":212,"column":7}}]},"33":{"loc":{"start":{"line":215,"column":6},"end":{"line":222,"column":7}},"type":"if","locations":[{"start":{"line":215,"column":6},"end":{"line":222,"column":7}},{"start":{"line":215,"column":6},"end":{"line":222,"column":7}}]},"34":{"loc":{"start":{"line":217,"column":8},"end":{"line":219,"column":9}},"type":"if","locations":[{"start":{"line":217,"column":8},"end":{"line":219,"column":9}},{"start":{"line":217,"column":8},"end":{"line":219,"column":9}}]},"35":{"loc":{"start":{"line":224,"column":8},"end":{"line":227,"column":9}},"type":"if","locations":[{"start":{"line":224,"column":8},"end":{"line":227,"column":9}},{"start":{"line":224,"column":8},"end":{"line":227,"column":9}}]},"36":{"loc":{"start":{"line":233,"column":58},"end":{"line":233,"column":34}},"type":"cond-expr","locations":[{"start":{"line":233,"column":58},"end":{"line":233,"column":34}},{"start":{"line":233,"column":78},"end":{"line":233,"column":6}}]},"37":{"loc":{"start":{"line":246,"column":6},"end":{"line":248,"column":7}},"type":"if","locations":[{"start":{"line":246,"column":6},"end":{"line":248,"column":7}},{"start":{"line":246,"column":6},"end":{"line":248,"column":7}}]},"38":{"loc":{"start":{"line":251,"column":6},"end":{"line":255,"column":7}},"type":"if","locations":[{"start":{"line":251,"column":6},"end":{"line":255,"column":7}},{"start":{"line":251,"column":6},"end":{"line":255,"column":7}}]},"39":{"loc":{"start":{"line":264,"column":8},"end":{"line":268,"column":9}},"type":"if","locations":[{"start":{"line":264,"column":8},"end":{"line":268,"column":9}},{"start":{"line":264,"column":8},"end":{"line":268,"column":9}}]},"40":{"loc":{"start":{"line":265,"column":10},"end":{"line":267,"column":11}},"type":"if","locations":[{"start":{"line":265,"column":10},"end":{"line":267,"column":11}},{"start":{"line":265,"column":10},"end":{"line":267,"column":11}}]},"41":{"loc":{"start":{"line":288,"column":6},"end":{"line":290,"column":7}},"type":"if","locations":[{"start":{"line":288,"column":6},"end":{"line":290,"column":7}},{"start":{"line":288,"column":6},"end":{"line":290,"column":7}}]},"42":{"loc":{"start":{"line":294,"column":6},"end":{"line":296,"column":7}},"type":"if","locations":[{"start":{"line":294,"column":6},"end":{"line":296,"column":7}},{"start":{"line":294,"column":6},"end":{"line":296,"column":7}}]},"43":{"loc":{"start":{"line":304,"column":6},"end":{"line":310,"column":7}},"type":"if","locations":[{"start":{"line":304,"column":6},"end":{"line":310,"column":7}},{"start":{"line":304,"column":6},"end":{"line":310,"column":7}}]},"44":{"loc":{"start":{"line":333,"column":27},"end":{"line":333,"column":13}},"type":"cond-expr","locations":[{"start":{"line":333,"column":27},"end":{"line":333,"column":13}},{"start":{"line":333,"column":33},"end":{"line":333,"column":6}}]}},"s":{"0":0,"1":0,"2":0,"3":0,"4":0,"5":0,"6":0,"7":0,"8":0,"9":0,"10":0,"11":0,"12":0,"13":0,"14":0,"15":0,"16":0,"17":0,"18":0,"19":0,"20":0,"21":0,"22":0,"23":0,"24":0,"25":0,"26":0,"27":0,"28":0,"29":0,"30":0,"31":0,"32":0,"33":0,"34":0,"35":0,"36":0,"37":0,"38":0,"39":0,"40":0,"41":0,"42":0,"43":0,"44":0,"45":0,"46":0,"47":0,"48":0,"49":0,"50":0,"51":0,"52":0,"53":0,"54":0,"55":0,"56":0,"57":0,"58":0,"59":0,"60":0,"61":0,"62":0,"63":0,"64":0,"65":0,"66":0,"67":0,"68":0,"69":0,"70":0,"71":0,"72":0,"73":0,"74":0,"75":0,"76":0,"77":0,"78":0,"79":0,"80":0,"81":0,"82":0,"83":0,"84":0,"85":0,"86":0,"87":0,"88":0,"89":0,"90":0,"91":0,"92":0,"93":0,"94":0,"95":0,"96":0,"97":0,"98":0,"99":0,"100":0,"101":0,"102":0,"103":0,"104":0,"105":0,"106":0,"107":0,"108":0,"109":0,"110":0,"111":0,"112":0,"113":0,"114":0,"115":0,"116":0,"117":0,"118":0,"119":0,"120":0,"121":0,"122":0,"123":0,"124":0,"125":0,"126":0,"127":0,"128":0,"129":0,"130":0,"131":0,"132":0,"133":0,"134":0,"135":0,"136":0,"137":0,"138":0,"139":0,"140":0,"141":0,"142":0,"143":0,"144":0,"145":0,"146":0,"147":0,"148":0,"149":0,"150":0,"151":0,"152":0,"153":0,"154":0,"155":0,"156":0,"157":0,"158":0,"159":0,"160":0,"161":0,"162":0,"163":0},"f":{"0":0,"1":0,"2":0,"3":0,"4":0,"5":0,"6":0,"7":0,"8":0,"9":0,"10":0,"11":0,"12":0,"13":0,"14":0,"15":0,"16":0,"17":0,"18":0,"19":0,"20":0,"21":0,"22":0,"23":0,"24":0,"25":0,"26":0,"27":0,"28":0,"29":0,"30":0,"31":0,"32":0,"33":0,"34":0,"35":0,"36":0,"37":0,"38":0,"39":0,"40":0,"41":0,"42":0,"43":0,"44":0,"45":0,"46":0,"47":0,"48":0,"49":0,"50":0,"51":0,"52":0,"53":0,"54":0},"b":{"0":[0,0],"1":[0,0],"2":[0,0],"3":[0,0],"4":[0,0],"5":[0,0],"6":[0,0],"7":[0,0],"8":[0,0],"9":[0,0],"10":[0,0],"11":[0,0],"12":[0,0],"13":[0,0],"14":[0,0],"15":[0,0],"16":[0,0],"17":[0,0],"18":[0,0],"19":[0,0],"20":[0,0],"21":[0,0],"22":[0,0],"23":[0,0],"24":[0,0],"25":[0,0],"26":[0,0],"27":[0,0],"28":[0,0],"29":[0,0],"30":[0,0],"31":[0,0],"32":[0,0],"33":[0,0],"34":[0,0],"35":[0,0],"36":[0,0],"37":[0,0],"38":[0,0],"39":[0,0],"40":[0,0],"41":[0,0],"42":[0,0],"43":[0,0],"44":[0,0]}}
,"/Users/federica/Desktop/vuex-table/src/components/datatable/Datatable.vue": {"path":"/Users/federica/Desktop/vuex-table/src/components/datatable/Datatable.vue","statementMap":{"0":{"start":{"line":1,"column":0},"end":{"line":null,"column":-1}},"1":{"start":{"line":2,"column":0},"end":{"line":null,"column":-1}},"2":{"start":{"line":3,"column":0},"end":{"line":null,"column":-1}},"3":{"start":{"line":4,"column":0},"end":{"line":null,"column":-1}},"4":{"start":{"line":5,"column":0},"end":{"line":null,"column":-1}},"5":{"start":{"line":11,"column":0},"end":{"line":null,"column":-1}},"6":{"start":{"line":28,"column":0},"end":{"line":null,"column":-1}},"7":{"start":{"line":29,"column":0},"end":{"line":null,"column":-1}},"8":{"start":{"line":36,"column":0},"end":{"line":null,"column":-1}},"9":{"start":{"line":37,"column":0},"end":{"line":null,"column":-1}},"10":{"start":{"line":51,"column":0},"end":{"line":null,"column":-1}},"11":{"start":{"line":53,"column":0},"end":{"line":null,"column":-1}},"12":{"start":{"line":54,"column":0},"end":{"line":null,"column":-1}},"13":{"start":{"line":57,"column":0},"end":{"line":null,"column":-1}},"14":{"start":{"line":59,"column":0},"end":{"line":null,"column":-1}},"15":{"start":{"line":67,"column":0},"end":{"line":69,"column":0}},"16":{"start":{"line":68,"column":0},"end":{"line":null,"column":-1}},"17":{"start":{"line":70,"column":0},"end":{"line":null,"column":-1}},"18":{"start":{"line":71,"column":0},"end":{"line":null,"column":-1}},"19":{"start":{"line":72,"column":0},"end":{"line":74,"column":0}},"20":{"start":{"line":73,"column":0},"end":{"line":null,"column":-1}},"21":{"start":{"line":75,"column":0},"end":{"line":null,"column":-1}},"22":{"start":{"line":76,"column":0},"end":{"line":null,"column":-1}},"23":{"start":{"line":77,"column":0},"end":{"line":null,"column":-1}},"24":{"start":{"line":79,"column":0},"end":{"line":null,"column":-1}},"25":{"start":{"line":80,"column":0},"end":{"line":81,"column":0}},"26":{"start":{"line":81,"column":0},"end":{"line":null,"column":-1}},"27":{"start":{"line":82,"column":0},"end":{"line":84,"column":0}},"28":{"start":{"line":83,"column":0},"end":{"line":null,"column":-1}},"29":{"start":{"line":85,"column":0},"end":{"line":null,"column":-1}},"30":{"start":{"line":86,"column":0},"end":{"line":null,"column":-1}},"31":{"start":{"line":89,"column":0},"end":{"line":null,"column":-1}},"32":{"start":{"line":90,"column":0},"end":{"line":null,"column":-1}},"33":{"start":{"line":91,"column":0},"end":{"line":null,"column":-1}},"34":{"start":{"line":95,"column":0},"end":{"line":102,"column":0}},"35":{"start":{"line":96,"column":0},"end":{"line":null,"column":-1}},"36":{"start":{"line":97,"column":0},"end":{"line":null,"column":-1}},"37":{"start":{"line":101,"column":0},"end":{"line":null,"column":-1}},"38":{"start":{"line":105,"column":0},"end":{"line":null,"column":-1}},"39":{"start":{"line":109,"column":0},"end":{"line":null,"column":-1}},"40":{"start":{"line":110,"column":0},"end":{"line":null,"column":-1}},"41":{"start":{"line":114,"column":0},"end":{"line":null,"column":-1}},"42":{"start":{"line":115,"column":0},"end":{"line":null,"column":-1}},"43":{"start":{"line":117,"column":0},"end":{"line":null,"column":-1}},"44":{"start":{"line":118,"column":0},"end":{"line":null,"column":-1}},"45":{"start":{"line":119,"column":0},"end":{"line":121,"column":0}},"46":{"start":{"line":120,"column":0},"end":{"line":null,"column":-1}},"47":{"start":{"line":122,"column":0},"end":{"line":124,"column":0}},"48":{"start":{"line":123,"column":0},"end":{"line":null,"column":-1}},"49":{"start":{"line":127,"column":0},"end":{"line":null,"column":-1}},"50":{"start":{"line":128,"column":0},"end":{"line":null,"column":-1}},"51":{"start":{"line":131,"column":0},"end":{"line":null,"column":-1}},"52":{"start":{"line":133,"column":0},"end":{"line":null,"column":-1}},"53":{"start":{"line":134,"column":0},"end":{"line":142,"column":0}},"54":{"start":{"line":135,"column":0},"end":{"line":null,"column":-1}},"55":{"start":{"line":136,"column":0},"end":{"line":null,"column":-1}},"56":{"start":{"line":137,"column":0},"end":{"line":142,"column":0}},"57":{"start":{"line":138,"column":0},"end":{"line":141,"column":0}},"58":{"start":{"line":139,"column":0},"end":{"line":140,"column":0}},"59":{"start":{"line":140,"column":0},"end":{"line":null,"column":-1}},"60":{"start":{"line":145,"column":0},"end":{"line":null,"column":-1}},"61":{"start":{"line":148,"column":0},"end":{"line":null,"column":-1}},"62":{"start":{"line":152,"column":0},"end":{"line":null,"column":-1}},"63":{"start":{"line":156,"column":0},"end":{"line":null,"column":-1}},"64":{"start":{"line":160,"column":0},"end":{"line":null,"column":-1}},"65":{"start":{"line":168,"column":0},"end":{"line":null,"column":-1}},"66":{"start":{"line":169,"column":0},"end":{"line":null,"column":-1}},"67":{"start":{"line":170,"column":0},"end":{"line":183,"column":0}},"68":{"start":{"line":171,"column":0},"end":{"line":null,"column":-1}},"69":{"start":{"line":173,"column":0},"end":{"line":182,"column":0}},"70":{"start":{"line":174,"column":0},"end":{"line":null,"column":-1}},"71":{"start":{"line":175,"column":0},"end":{"line":null,"column":-1}},"72":{"start":{"line":176,"column":0},"end":{"line":null,"column":-1}},"73":{"start":{"line":177,"column":0},"end":{"line":null,"column":-1}},"74":{"start":{"line":178,"column":0},"end":{"line":null,"column":-1}},"75":{"start":{"line":179,"column":0},"end":{"line":null,"column":-1}},"76":{"start":{"line":180,"column":0},"end":{"line":null,"column":-1}},"77":{"start":{"line":181,"column":0},"end":{"line":null,"column":-1}},"78":{"start":{"line":184,"column":0},"end":{"line":null,"column":-1}},"79":{"start":{"line":187,"column":0},"end":{"line":null,"column":-1}},"80":{"start":{"line":188,"column":0},"end":{"line":190,"column":0}},"81":{"start":{"line":189,"column":0},"end":{"line":null,"column":-1}},"82":{"start":{"line":191,"column":0},"end":{"line":193,"column":0}},"83":{"start":{"line":192,"column":0},"end":{"line":null,"column":-1}},"84":{"start":{"line":194,"column":0},"end":{"line":204,"column":0}},"85":{"start":{"line":195,"column":0},"end":{"line":null,"column":-1}},"86":{"start":{"line":198,"column":0},"end":{"line":null,"column":-1}},"87":{"start":{"line":205,"column":0},"end":{"line":null,"column":-1}},"88":{"start":{"line":209,"column":0},"end":{"line":null,"column":-1}},"89":{"start":{"line":210,"column":0},"end":{"line":212,"column":0}},"90":{"start":{"line":211,"column":0},"end":{"line":null,"column":-1}},"91":{"start":{"line":213,"column":0},"end":{"line":null,"column":-1}},"92":{"start":{"line":214,"column":0},"end":{"line":null,"column":-1}},"93":{"start":{"line":215,"column":0},"end":{"line":222,"column":0}},"94":{"start":{"line":216,"column":0},"end":{"line":null,"column":-1}},"95":{"start":{"line":217,"column":0},"end":{"line":219,"column":0}},"96":{"start":{"line":218,"column":0},"end":{"line":null,"column":-1}},"97":{"start":{"line":221,"column":0},"end":{"line":null,"column":-1}},"98":{"start":{"line":223,"column":0},"end":{"line":228,"column":0}},"99":{"start":{"line":224,"column":0},"end":{"line":227,"column":0}},"100":{"start":{"line":225,"column":0},"end":{"line":null,"column":-1}},"101":{"start":{"line":226,"column":0},"end":{"line":null,"column":-1}},"102":{"start":{"line":233,"column":0},"end":{"line":null,"column":-1}},"103":{"start":{"line":234,"column":0},"end":{"line":null,"column":-1}},"104":{"start":{"line":235,"column":0},"end":{"line":null,"column":-1}},"105":{"start":{"line":241,"column":0},"end":{"line":null,"column":-1}},"106":{"start":{"line":245,"column":0},"end":{"line":null,"column":-1}},"107":{"start":{"line":246,"column":0},"end":{"line":248,"column":0}},"108":{"start":{"line":247,"column":0},"end":{"line":null,"column":-1}},"109":{"start":{"line":251,"column":0},"end":{"line":255,"column":0}},"110":{"start":{"line":252,"column":0},"end":{"line":null,"column":-1}},"111":{"start":{"line":254,"column":0},"end":{"line":null,"column":-1}},"112":{"start":{"line":256,"column":0},"end":{"line":null,"column":-1}},"113":{"start":{"line":257,"column":0},"end":{"line":null,"column":-1}},"114":{"start":{"line":260,"column":0},"end":{"line":null,"column":-1}},"115":{"start":{"line":261,"column":0},"end":{"line":null,"column":-1}},"116":{"start":{"line":262,"column":0},"end":{"line":269,"column":0}},"117":{"start":{"line":263,"column":0},"end":{"line":null,"column":-1}},"118":{"start":{"line":264,"column":0},"end":{"line":268,"column":0}},"119":{"start":{"line":265,"column":0},"end":{"line":267,"column":0}},"120":{"start":{"line":266,"column":0},"end":{"line":null,"column":-1}},"121":{"start":{"line":270,"column":0},"end":{"line":null,"column":-1}},"122":{"start":{"line":271,"column":0},"end":{"line":null,"column":-1}},"123":{"start":{"line":272,"column":0},"end":{"line":null,"column":-1}},"124":{"start":{"line":275,"column":0},"end":{"line":null,"column":-1}},"125":{"start":{"line":276,"column":0},"end":{"line":null,"column":-1}},"126":{"start":{"line":280,"column":0},"end":{"line":null,"column":-1}},"127":{"start":{"line":281,"column":0},"end":{"line":null,"column":-1}},"128":{"start":{"line":282,"column":0},"end":{"line":null,"column":-1}},"129":{"start":{"line":287,"column":0},"end":{"line":null,"column":-1}},"130":{"start":{"line":288,"column":0},"end":{"line":290,"column":0}},"131":{"start":{"line":289,"column":0},"end":{"line":null,"column":-1}},"132":{"start":{"line":293,"column":0},"end":{"line":null,"column":-1}},"133":{"start":{"line":294,"column":0},"end":{"line":296,"column":0}},"134":{"start":{"line":295,"column":0},"end":{"line":null,"column":-1}},"135":{"start":{"line":302,"column":0},"end":{"line":null,"column":-1}},"136":{"start":{"line":304,"column":0},"end":{"line":310,"column":0}},"137":{"start":{"line":305,"column":0},"end":{"line":null,"column":-1}},"138":{"start":{"line":306,"column":0},"end":{"line":null,"column":-1}},"139":{"start":{"line":308,"column":0},"end":{"line":null,"column":-1}},"140":{"start":{"line":309,"column":0},"end":{"line":null,"column":-1}},"141":{"start":{"line":311,"column":0},"end":{"line":null,"column":-1}},"142":{"start":{"line":315,"column":0},"end":{"line":null,"column":-1}},"143":{"start":{"line":316,"column":0},"end":{"line":null,"column":-1}},"144":{"start":{"line":320,"column":0},"end":{"line":null,"column":-1}},"145":{"start":{"line":321,"column":0},"end":{"line":null,"column":-1}},"146":{"start":{"line":322,"column":0},"end":{"line":null,"column":-1}},"147":{"start":{"line":326,"column":0},"end":{"line":null,"column":-1}},"148":{"start":{"line":327,"column":0},"end":{"line":null,"column":-1}},"149":{"start":{"line":328,"column":0},"end":{"line":null,"column":-1}},"150":{"start":{"line":332,"column":0},"end":{"line":null,"column":-1}},"151":{"start":{"line":333,"column":0},"end":{"line":null,"column":-1}}},"fnMap":{"0":{"name":"data","decl":{"start":{"line":10,"column":0},"end":{"line":null,"column":-1}},"loc":{"start":{"line":10,"column":0},"end":{"line":34,"column":0}}},"1":{"name":"(anonymous_3)","decl":{"start":{"line":27,"column":0},"end":{"line":null,"column":-1}},"loc":{"start":{"line":27,"column":0},"end":{"line":30,"column":0}}},"2":{"name":"_default","decl":{"start":{"line":36,"column":0},"end":{"line":null,"column":-1}},"loc":{"start":{"line":36,"column":0},"end":{"line":null,"column":-1}}},"3":{"name":"_default","decl":{"start":{"line":37,"column":0},"end":{"line":null,"column":-1}},"loc":{"start":{"line":37,"column":0},"end":{"line":null,"column":-1}}},"4":{"name":"_default","decl":{"start":{"line":51,"column":0},"end":{"line":null,"column":-1}},"loc":{"start":{"line":51,"column":0},"end":{"line":null,"column":-1}}},"5":{"name":"_default","decl":{"start":{"line":53,"column":0},"end":{"line":null,"column":-1}},"loc":{"start":{"line":53,"column":0},"end":{"line":null,"column":-1}}},"6":{"name":"_default","decl":{"start":{"line":54,"column":0},"end":{"line":null,"column":-1}},"loc":{"start":{"line":54,"column":0},"end":{"line":null,"column":-1}}},"7":{"name":"_default","decl":{"start":{"line":57,"column":0},"end":{"line":null,"column":-1}},"loc":{"start":{"line":57,"column":0},"end":{"line":null,"column":-1}}},"8":{"name":"_default","decl":{"start":{"line":59,"column":0},"end":{"line":null,"column":-1}},"loc":{"start":{"line":59,"column":0},"end":{"line":null,"column":-1}}},"9":{"name":"paginateData","decl":{"start":{"line":66,"column":0},"end":{"line":null,"column":-1}},"loc":{"start":{"line":66,"column":0},"end":{"line":78,"column":0}}},"10":{"name":"isAllChecked","decl":{"start":{"line":79,"column":0},"end":{"line":null,"column":-1}},"loc":{"start":{"line":79,"column":0},"end":{"line":87,"column":0}}},"11":{"name":"(anonymous_13)","decl":{"start":{"line":80,"column":0},"end":{"line":null,"column":-1}},"loc":{"start":{"line":80,"column":0},"end":{"line":81,"column":0}}},"12":{"name":"(anonymous_14)","decl":{"start":{"line":85,"column":0},"end":{"line":null,"column":-1}},"loc":{"start":{"line":85,"column":0},"end":{"line":null,"column":-1}}},"13":{"name":"isAllUncheckable","decl":{"start":{"line":89,"column":0},"end":{"line":null,"column":-1}},"loc":{"start":{"line":89,"column":0},"end":{"line":92,"column":0}}},"14":{"name":"(anonymous_16)","decl":{"start":{"line":90,"column":0},"end":{"line":null,"column":-1}},"loc":{"start":{"line":90,"column":0},"end":{"line":null,"column":-1}}},"15":{"name":"searchData","decl":{"start":{"line":94,"column":0},"end":{"line":null,"column":-1}},"loc":{"start":{"line":94,"column":0},"end":{"line":103,"column":0}}},"16":{"name":"(anonymous_18)","decl":{"start":{"line":97,"column":0},"end":{"line":null,"column":-1}},"loc":{"start":{"line":97,"column":0},"end":{"line":null,"column":-1}}},"17":{"name":"hasSortableNewColumns","decl":{"start":{"line":104,"column":0},"end":{"line":null,"column":-1}},"loc":{"start":{"line":104,"column":0},"end":{"line":106,"column":0}}},"18":{"name":"(anonymous_22)","decl":{"start":{"line":105,"column":0},"end":{"line":null,"column":-1}},"loc":{"start":{"line":105,"column":0},"end":{"line":null,"column":-1}}},"19":{"name":"isMobile","decl":{"start":{"line":108,"column":0},"end":{"line":null,"column":-1}},"loc":{"start":{"line":108,"column":0},"end":{"line":111,"column":0}}},"20":{"name":"setData","decl":{"start":{"line":114,"column":0},"end":{"line":null,"column":-1}},"loc":{"start":{"line":114,"column":0},"end":{"line":125,"column":0}}},"21":{"name":"(anonymous_25)","decl":{"start":{"line":119,"column":0},"end":{"line":null,"column":-1}},"loc":{"start":{"line":119,"column":0},"end":{"line":121,"column":0}}},"22":{"name":"total","decl":{"start":{"line":126,"column":0},"end":{"line":null,"column":-1}},"loc":{"start":{"line":126,"column":0},"end":{"line":129,"column":0}}},"23":{"name":"columns","decl":{"start":{"line":130,"column":0},"end":{"line":null,"column":-1}},"loc":{"start":{"line":130,"column":0},"end":{"line":132,"column":0}}},"24":{"name":"newColumns","decl":{"start":{"line":133,"column":0},"end":{"line":null,"column":-1}},"loc":{"start":{"line":133,"column":0},"end":{"line":143,"column":0}}},"25":{"name":"(anonymous_29)","decl":{"start":{"line":139,"column":0},"end":{"line":null,"column":-1}},"loc":{"start":{"line":139,"column":0},"end":{"line":140,"column":0}}},"26":{"name":"currentPage","decl":{"start":{"line":144,"column":0},"end":{"line":null,"column":-1}},"loc":{"start":{"line":144,"column":0},"end":{"line":146,"column":0}}},"27":{"name":"rows","decl":{"start":{"line":147,"column":0},"end":{"line":null,"column":-1}},"loc":{"start":{"line":147,"column":0},"end":{"line":149,"column":0}}},"28":{"name":"openedDetailed","decl":{"start":{"line":151,"column":0},"end":{"line":null,"column":-1}},"loc":{"start":{"line":151,"column":0},"end":{"line":153,"column":0}}},"29":{"name":"value","decl":{"start":{"line":155,"column":0},"end":{"line":null,"column":-1}},"loc":{"start":{"line":155,"column":0},"end":{"line":157,"column":0}}},"30":{"name":"newValue","decl":{"start":{"line":159,"column":0},"end":{"line":null,"column":-1}},"loc":{"start":{"line":159,"column":0},"end":{"line":161,"column":0}}},"31":{"name":"sortBy","decl":{"start":{"line":168,"column":0},"end":{"line":null,"column":-1}},"loc":{"start":{"line":168,"column":0},"end":{"line":185,"column":0}}},"32":{"name":"(anonymous_36)","decl":{"start":{"line":171,"column":0},"end":{"line":null,"column":-1}},"loc":{"start":{"line":171,"column":0},"end":{"line":null,"column":-1}}},"33":{"name":"(anonymous_37)","decl":{"start":{"line":173,"column":0},"end":{"line":null,"column":-1}},"loc":{"start":{"line":173,"column":0},"end":{"line":182,"column":0}}},"34":{"name":"sort","decl":{"start":{"line":187,"column":0},"end":{"line":null,"column":-1}},"loc":{"start":{"line":187,"column":0},"end":{"line":206,"column":0}}},"35":{"name":"initializeSort","decl":{"start":{"line":209,"column":0},"end":{"line":null,"column":-1}},"loc":{"start":{"line":209,"column":0},"end":{"line":229,"column":0}}},"36":{"name":"(anonymous_40)","decl":{"start":{"line":223,"column":0},"end":{"line":null,"column":-1}},"loc":{"start":{"line":223,"column":0},"end":{"line":228,"column":0}}},"37":{"name":"changePage","decl":{"start":{"line":232,"column":0},"end":{"line":null,"column":-1}},"loc":{"start":{"line":232,"column":0},"end":{"line":236,"column":0}}},"38":{"name":"isRowChecked","decl":{"start":{"line":240,"column":0},"end":{"line":null,"column":-1}},"loc":{"start":{"line":240,"column":0},"end":{"line":242,"column":0}}},"39":{"name":"removeCheckedRow","decl":{"start":{"line":244,"column":0},"end":{"line":null,"column":-1}},"loc":{"start":{"line":244,"column":0},"end":{"line":249,"column":0}}},"40":{"name":"checkRow","decl":{"start":{"line":250,"column":0},"end":{"line":null,"column":-1}},"loc":{"start":{"line":250,"column":0},"end":{"line":258,"column":0}}},"41":{"name":"checkAll","decl":{"start":{"line":260,"column":0},"end":{"line":null,"column":-1}},"loc":{"start":{"line":260,"column":0},"end":{"line":273,"column":0}}},"42":{"name":"(anonymous_46)","decl":{"start":{"line":262,"column":0},"end":{"line":null,"column":-1}},"loc":{"start":{"line":262,"column":0},"end":{"line":269,"column":0}}},"43":{"name":"getValueByPath","decl":{"start":{"line":274,"column":0},"end":{"line":null,"column":-1}},"loc":{"start":{"line":274,"column":0},"end":{"line":277,"column":0}}},"44":{"name":"(anonymous_48)","decl":{"start":{"line":275,"column":0},"end":{"line":null,"column":-1}},"loc":{"start":{"line":275,"column":0},"end":{"line":null,"column":-1}}},"45":{"name":"toggleColumn","decl":{"start":{"line":279,"column":0},"end":{"line":null,"column":-1}},"loc":{"start":{"line":279,"column":0},"end":{"line":283,"column":0}}},"46":{"name":"nextCard","decl":{"start":{"line":286,"column":0},"end":{"line":null,"column":-1}},"loc":{"start":{"line":286,"column":0},"end":{"line":291,"column":0}}},"47":{"name":"previousCard","decl":{"start":{"line":292,"column":0},"end":{"line":null,"column":-1}},"loc":{"start":{"line":292,"column":0},"end":{"line":297,"column":0}}},"48":{"name":"toggleDetails","decl":{"start":{"line":301,"column":0},"end":{"line":null,"column":-1}},"loc":{"start":{"line":301,"column":0},"end":{"line":312,"column":0}}},"49":{"name":"openDetailRow","decl":{"start":{"line":314,"column":0},"end":{"line":null,"column":-1}},"loc":{"start":{"line":314,"column":0},"end":{"line":317,"column":0}}},"50":{"name":"closeDetailRow","decl":{"start":{"line":319,"column":0},"end":{"line":null,"column":-1}},"loc":{"start":{"line":319,"column":0},"end":{"line":323,"column":0}}},"51":{"name":"isVisibleDetailRow","decl":{"start":{"line":325,"column":0},"end":{"line":null,"column":-1}},"loc":{"start":{"line":325,"column":0},"end":{"line":329,"column":0}}},"52":{"name":"handleDetailKey","decl":{"start":{"line":331,"column":0},"end":{"line":null,"column":-1}},"loc":{"start":{"line":331,"column":0},"end":{"line":334,"column":0}}}},"branchMap":{"0":{"loc":{"start":{"line":15,"column":0},"end":{"line":null,"column":-1}},"type":"cond-expr","locations":[{"start":{"line":15,"column":0},"end":{"line":null,"column":-1}},{"start":{"line":15,"column":0},"end":{"line":null,"column":-1}}]},"1":{"loc":{"start":{"line":28,"column":0},"end":{"line":null,"column":-1}},"type":"binary-expr","locations":[{"start":{"line":28,"column":0},"end":{"line":null,"column":-1}},{"start":{"line":28,"column":0},"end":{"line":null,"column":-1}}]},"2":{"loc":{"start":{"line":67,"column":0},"end":{"line":69,"column":0}},"type":"if","locations":[{"start":{"line":67,"column":0},"end":{"line":69,"column":0}},{"start":{"line":67,"column":0},"end":{"line":69,"column":0}}]},"3":{"loc":{"start":{"line":72,"column":0},"end":{"line":74,"column":0}},"type":"if","locations":[{"start":{"line":72,"column":0},"end":{"line":74,"column":0}},{"start":{"line":72,"column":0},"end":{"line":74,"column":0}}]},"4":{"loc":{"start":{"line":82,"column":0},"end":{"line":84,"column":0}},"type":"if","locations":[{"start":{"line":82,"column":0},"end":{"line":84,"column":0}},{"start":{"line":82,"column":0},"end":{"line":84,"column":0}}]},"5":{"loc":{"start":{"line":95,"column":0},"end":{"line":102,"column":0}},"type":"if","locations":[{"start":{"line":95,"column":0},"end":{"line":102,"column":0}},{"start":{"line":95,"column":0},"end":{"line":102,"column":0}}]},"6":{"loc":{"start":{"line":109,"column":0},"end":{"line":null,"column":-1}},"type":"cond-expr","locations":[{"start":{"line":109,"column":0},"end":{"line":null,"column":-1}},{"start":{"line":109,"column":0},"end":{"line":null,"column":-1}}]},"7":{"loc":{"start":{"line":120,"column":0},"end":{"line":null,"column":-1}},"type":"if","locations":[{"start":{"line":120,"column":0},"end":{"line":null,"column":-1}},{"start":{"line":120,"column":0},"end":{"line":null,"column":-1}}]},"8":{"loc":{"start":{"line":122,"column":0},"end":{"line":124,"column":0}},"type":"if","locations":[{"start":{"line":122,"column":0},"end":{"line":124,"column":0}},{"start":{"line":122,"column":0},"end":{"line":124,"column":0}}]},"9":{"loc":{"start":{"line":127,"column":0},"end":{"line":null,"column":-1}},"type":"if","locations":[{"start":{"line":127,"column":0},"end":{"line":null,"column":-1}},{"start":{"line":127,"column":0},"end":{"line":null,"column":-1}}]},"10":{"loc":{"start":{"line":134,"column":0},"end":{"line":142,"column":0}},"type":"if","locations":[{"start":{"line":134,"column":0},"end":{"line":142,"column":0}},{"start":{"line":134,"column":0},"end":{"line":142,"column":0}}]},"11":{"loc":{"start":{"line":134,"column":0},"end":{"line":null,"column":-1}},"type":"binary-expr","locations":[{"start":{"line":134,"column":0},"end":{"line":null,"column":-1}},{"start":{"line":134,"column":0},"end":{"line":null,"column":-1}}]},"12":{"loc":{"start":{"line":137,"column":0},"end":{"line":142,"column":0}},"type":"if","locations":[{"start":{"line":137,"column":0},"end":{"line":142,"column":0}},{"start":{"line":137,"column":0},"end":{"line":142,"column":0}}]},"13":{"loc":{"start":{"line":138,"column":0},"end":{"line":141,"column":0}},"type":"if","locations":[{"start":{"line":138,"column":0},"end":{"line":141,"column":0}},{"start":{"line":138,"column":0},"end":{"line":141,"column":0}}]},"14":{"loc":{"start":{"line":148,"column":0},"end":{"line":null,"column":-1}},"type":"binary-expr","locations":[{"start":{"line":148,"column":0},"end":{"line":null,"column":-1}},{"start":{"line":148,"column":0},"end":{"line":null,"column":-1}}]},"15":{"loc":{"start":{"line":170,"column":0},"end":{"line":183,"column":0}},"type":"if","locations":[{"start":{"line":170,"column":0},"end":{"line":183,"column":0}},{"start":{"line":170,"column":0},"end":{"line":183,"column":0}}]},"16":{"loc":{"start":{"line":170,"column":0},"end":{"line":null,"column":-1}},"type":"binary-expr","locations":[{"start":{"line":170,"column":0},"end":{"line":null,"column":-1}},{"start":{"line":170,"column":0},"end":{"line":null,"column":-1}}]},"17":{"loc":{"start":{"line":176,"column":0},"end":{"line":null,"column":-1}},"type":"if","locations":[{"start":{"line":176,"column":0},"end":{"line":null,"column":-1}},{"start":{"line":176,"column":0},"end":{"line":null,"column":-1}}]},"18":{"loc":{"start":{"line":177,"column":0},"end":{"line":null,"column":-1}},"type":"if","locations":[{"start":{"line":177,"column":0},"end":{"line":null,"column":-1}},{"start":{"line":177,"column":0},"end":{"line":null,"column":-1}}]},"19":{"loc":{"start":{"line":178,"column":0},"end":{"line":null,"column":-1}},"type":"if","locations":[{"start":{"line":178,"column":0},"end":{"line":null,"column":-1}},{"start":{"line":178,"column":0},"end":{"line":null,"column":-1}}]},"20":{"loc":{"start":{"line":179,"column":0},"end":{"line":null,"column":-1}},"type":"cond-expr","locations":[{"start":{"line":179,"column":0},"end":{"line":null,"column":-1}},{"start":{"line":179,"column":0},"end":{"line":null,"column":-1}}]},"21":{"loc":{"start":{"line":180,"column":0},"end":{"line":null,"column":-1}},"type":"cond-expr","locations":[{"start":{"line":180,"column":0},"end":{"line":null,"column":-1}},{"start":{"line":180,"column":0},"end":{"line":null,"column":-1}}]},"22":{"loc":{"start":{"line":181,"column":0},"end":{"line":null,"column":-1}},"type":"cond-expr","locations":[{"start":{"line":181,"column":0},"end":{"line":null,"column":-1}},{"start":{"line":181,"column":0},"end":{"line":null,"column":-1}}]},"23":{"loc":{"start":{"line":187,"column":0},"end":{"line":null,"column":-1}},"type":"cond-expr","locations":[{"start":{"line":187,"column":0},"end":{"line":null,"column":-1}},{"start":{"line":187,"column":0},"end":{"line":null,"column":-1}}]},"24":{"loc":{"start":{"line":188,"column":0},"end":{"line":190,"column":0}},"type":"if","locations":[{"start":{"line":188,"column":0},"end":{"line":190,"column":0}},{"start":{"line":188,"column":0},"end":{"line":190,"column":0}}]},"25":{"loc":{"start":{"line":191,"column":0},"end":{"line":193,"column":0}},"type":"if","locations":[{"start":{"line":191,"column":0},"end":{"line":193,"column":0}},{"start":{"line":191,"column":0},"end":{"line":193,"column":0}}]},"26":{"loc":{"start":{"line":192,"column":0},"end":{"line":null,"column":-1}},"type":"cond-expr","locations":[{"start":{"line":192,"column":0},"end":{"line":null,"column":-1}},{"start":{"line":192,"column":0},"end":{"line":null,"column":-1}}]},"27":{"loc":{"start":{"line":194,"column":0},"end":{"line":204,"column":0}},"type":"if","locations":[{"start":{"line":194,"column":0},"end":{"line":204,"column":0}},{"start":{"line":194,"column":0},"end":{"line":204,"column":0}}]},"28":{"loc":{"start":{"line":195,"column":0},"end":{"line":null,"column":-1}},"type":"cond-expr","locations":[{"start":{"line":195,"column":0},"end":{"line":null,"column":-1}},{"start":{"line":195,"column":0},"end":{"line":null,"column":-1}}]},"29":{"loc":{"start":{"line":210,"column":0},"end":{"line":212,"column":0}},"type":"if","locations":[{"start":{"line":210,"column":0},"end":{"line":212,"column":0}},{"start":{"line":210,"column":0},"end":{"line":212,"column":0}}]},"30":{"loc":{"start":{"line":215,"column":0},"end":{"line":222,"column":0}},"type":"if","locations":[{"start":{"line":215,"column":0},"end":{"line":222,"column":0}},{"start":{"line":215,"column":0},"end":{"line":222,"column":0}}]},"31":{"loc":{"start":{"line":217,"column":0},"end":{"line":219,"column":0}},"type":"if","locations":[{"start":{"line":217,"column":0},"end":{"line":219,"column":0}},{"start":{"line":217,"column":0},"end":{"line":219,"column":0}}]},"32":{"loc":{"start":{"line":224,"column":0},"end":{"line":227,"column":0}},"type":"if","locations":[{"start":{"line":224,"column":0},"end":{"line":227,"column":0}},{"start":{"line":224,"column":0},"end":{"line":227,"column":0}}]},"33":{"loc":{"start":{"line":233,"column":0},"end":{"line":null,"column":-1}},"type":"cond-expr","locations":[{"start":{"line":233,"column":0},"end":{"line":null,"column":-1}},{"start":{"line":233,"column":0},"end":{"line":null,"column":-1}}]},"34":{"loc":{"start":{"line":246,"column":0},"end":{"line":248,"column":0}},"type":"if","locations":[{"start":{"line":246,"column":0},"end":{"line":248,"column":0}},{"start":{"line":246,"column":0},"end":{"line":248,"column":0}}]},"35":{"loc":{"start":{"line":251,"column":0},"end":{"line":255,"column":0}},"type":"if","locations":[{"start":{"line":251,"column":0},"end":{"line":255,"column":0}},{"start":{"line":251,"column":0},"end":{"line":255,"column":0}}]},"36":{"loc":{"start":{"line":264,"column":0},"end":{"line":268,"column":0}},"type":"if","locations":[{"start":{"line":264,"column":0},"end":{"line":268,"column":0}},{"start":{"line":264,"column":0},"end":{"line":268,"column":0}}]},"37":{"loc":{"start":{"line":265,"column":0},"end":{"line":267,"column":0}},"type":"if","locations":[{"start":{"line":265,"column":0},"end":{"line":267,"column":0}},{"start":{"line":265,"column":0},"end":{"line":267,"column":0}}]},"38":{"loc":{"start":{"line":288,"column":0},"end":{"line":290,"column":0}},"type":"if","locations":[{"start":{"line":288,"column":0},"end":{"line":290,"column":0}},{"start":{"line":288,"column":0},"end":{"line":290,"column":0}}]},"39":{"loc":{"start":{"line":294,"column":0},"end":{"line":296,"column":0}},"type":"if","locations":[{"start":{"line":294,"column":0},"end":{"line":296,"column":0}},{"start":{"line":294,"column":0},"end":{"line":296,"column":0}}]},"40":{"loc":{"start":{"line":304,"column":0},"end":{"line":310,"column":0}},"type":"if","locations":[{"start":{"line":304,"column":0},"end":{"line":310,"column":0}},{"start":{"line":304,"column":0},"end":{"line":310,"column":0}}]},"41":{"loc":{"start":{"line":333,"column":0},"end":{"line":null,"column":-1}},"type":"cond-expr","locations":[{"start":{"line":333,"column":0},"end":{"line":null,"column":-1}},{"start":{"line":333,"column":0},"end":{"line":null,"column":-1}}]}},"s":{"0":0,"1":0,"2":0,"3":0,"4":0,"5":0,"6":0,"7":0,"8":0,"9":0,"10":0,"11":0,"12":0,"13":0,"14":0,"15":0,"16":0,"17":0,"18":0,"19":0,"20":0,"21":0,"22":0,"23":0,"24":0,"25":0,"26":0,"27":0,"28":0,"29":0,"30":0,"31":0,"32":0,"33":0,"34":0,"35":0,"36":0,"37":0,"38":0,"39":0,"40":0,"41":0,"42":0,"43":0,"44":0,"45":0,"46":0,"47":0,"48":0,"49":0,"50":0,"51":0,"52":0,"53":0,"54":0,"55":0,"56":0,"57":0,"58":0,"59":0,"60":0,"61":0,"62":0,"63":0,"64":0,"65":0,"66":0,"67":0,"68":0,"69":0,"70":0,"71":0,"72":0,"73":0,"74":0,"75":0,"76":0,"77":0,"78":0,"79":0,"80":0,"81":0,"82":0,"83":0,"84":0,"85":0,"86":0,"87":0,"88":0,"89":0,"90":0,"91":0,"92":0,"93":0,"94":0,"95":0,"96":0,"97":0,"98":0,"99":0,"100":0,"101":0,"102":0,"103":0,"104":0,"105":0,"106":0,"107":0,"108":0,"109":0,"110":0,"111":0,"112":0,"113":0,"114":0,"115":0,"116":0,"117":0,"118":0,"119":0,"120":0,"121":0,"122":0,"123":0,"124":0,"125":0,"126":0,"127":0,"128":0,"129":0,"130":0,"131":0,"132":0,"133":0,"134":0,"135":0,"136":0,"137":0,"138":0,"139":0,"140":0,"141":0,"142":0,"143":0,"144":0,"145":0,"146":0,"147":0,"148":0,"149":0,"150":0,"151":0},"f":{"0":0,"1":0,"2":0,"3":0,"4":0,"5":0,"6":0,"7":0,"8":0,"9":0,"10":0,"11":0,"12":0,"13":0,"14":0,"15":0,"16":0,"17":0,"18":0,"19":0,"20":0,"21":0,"22":0,"23":0,"24":0,"25":0,"26":0,"27":0,"28":0,"29":0,"30":0,"31":0,"32":0,"33":0,"34":0,"35":0,"36":0,"37":0,"38":0,"39":0,"40":0,"41":0,"42":0,"43":0,"44":0,"45":0,"46":0,"47":0,"48":0,"49":0,"50":0,"51":0,"52":0},"b":{"0":[0,0],"1":[0,0],"2":[0,0],"3":[0,0],"4":[0,0],"5":[0,0],"6":[0,0],"7":[0,0],"8":[0,0],"9":[0,0],"10":[0,0],"11":[0,0],"12":[0,0],"13":[0,0],"14":[0,0],"15":[0,0],"16":[0,0],"17":[0,0],"18":[0,0],"19":[0,0],"20":[0,0],"21":[0,0],"22":[0,0],"23":[0,0],"24":[0,0],"25":[0,0],"26":[0,0],"27":[0,0],"28":[0,0],"29":[0,0],"30":[0,0],"31":[0,0],"32":[0,0],"33":[0,0],"34":[0,0],"35":[0,0],"36":[0,0],"37":[0,0],"38":[0,0],"39":[0,0],"40":[0,0],"41":[0,0]}}
,"/Users/federica/Desktop/vuex-table/src/components/paginator/Paginator.js": {"path":"/Users/federica/Desktop/vuex-table/src/components/paginator/Paginator.js","statementMap":{"0":{"start":{"line":5,"column":4},"end":{"line":null,"column":-1}},"1":{"start":{"line":15,"column":6},"end":{"line":null,"column":-1}},"2":{"start":{"line":16,"column":6},"end":{"line":18,"column":7}},"3":{"start":{"line":17,"column":8},"end":{"line":null,"column":-1}},"4":{"start":{"line":19,"column":6},"end":{"line":21,"column":7}},"5":{"start":{"line":20,"column":8},"end":{"line":null,"column":-1}},"6":{"start":{"line":22,"column":6},"end":{"line":null,"column":-1}},"7":{"start":{"line":23,"column":24},"end":{"line":23,"column":6}},"8":{"start":{"line":24,"column":6},"end":{"line":null,"column":-1}},"9":{"start":{"line":29,"column":6},"end":{"line":null,"column":-1}},"10":{"start":{"line":32,"column":6},"end":{"line":null,"column":-1}},"11":{"start":{"line":37,"column":4},"end":{"line":null,"column":-1}},"12":{"start":{"line":38,"column":4},"end":{"line":null,"column":-1}},"13":{"start":{"line":39,"column":4},"end":{"line":null,"column":-1}}},"fnMap":{"0":{"name":"data","decl":{"start":{"line":1,"column":15},"end":{"line":4,"column":8}},"loc":{"start":{"line":4,"column":9},"end":{"line":1,"column":15}}},"1":{"name":"goto","decl":{"start":{"line":13,"column":11},"end":{"line":14,"column":8}},"loc":{"start":{"line":14,"column":18},"end":{"line":13,"column":11}}},"2":{"name":"numberOfItems","decl":{"start":{"line":27,"column":9},"end":{"line":28,"column":17}},"loc":{"start":{"line":28,"column":29},"end":{"line":27,"column":9}}},"3":{"name":"skip","decl":{"start":{"line":27,"column":9},"end":{"line":31,"column":8}},"loc":{"start":{"line":31,"column":18},"end":{"line":27,"column":9}}},"4":{"name":"mounted","decl":{"start":{"line":1,"column":15},"end":{"line":36,"column":11}},"loc":{"start":{"line":36,"column":12},"end":{"line":1,"column":15}}},"5":{"name":"preventDefault","decl":{"start":{"line":39,"column":17},"end":{"line":39,"column":35}},"loc":{"start":{"line":39,"column":36},"end":{"line":39,"column":17}}}},"branchMap":{"0":{"loc":{"start":{"line":16,"column":6},"end":{"line":18,"column":7}},"type":"if","locations":[{"start":{"line":16,"column":6},"end":{"line":18,"column":7}},{"start":{"line":16,"column":6},"end":{"line":18,"column":7}}]},"1":{"loc":{"start":{"line":19,"column":6},"end":{"line":21,"column":7}},"type":"if","locations":[{"start":{"line":19,"column":6},"end":{"line":21,"column":7}},{"start":{"line":19,"column":6},"end":{"line":21,"column":7}}]}},"s":{"0":0,"1":0,"2":0,"3":0,"4":0,"5":0,"6":0,"7":0,"8":0,"9":0,"10":0,"11":0,"12":0,"13":0},"f":{"0":0,"1":0,"2":0,"3":0,"4":0,"5":0},"b":{"0":[0,0],"1":[0,0]}}
,"/Users/federica/Desktop/vuex-table/src/components/paginator/Paginator.vue": {"path":"/Users/federica/Desktop/vuex-table/src/components/paginator/Paginator.vue","statementMap":{"0":{"start":{"line":5,"column":0},"end":{"line":null,"column":-1}},"1":{"start":{"line":15,"column":0},"end":{"line":null,"column":-1}},"2":{"start":{"line":16,"column":0},"end":{"line":18,"column":0}},"3":{"start":{"line":17,"column":0},"end":{"line":null,"column":-1}},"4":{"start":{"line":19,"column":0},"end":{"line":21,"column":0}},"5":{"start":{"line":20,"column":0},"end":{"line":null,"column":-1}},"6":{"start":{"line":22,"column":0},"end":{"line":null,"column":-1}},"7":{"start":{"line":23,"column":0},"end":{"line":null,"column":-1}},"8":{"start":{"line":24,"column":0},"end":{"line":null,"column":-1}},"9":{"start":{"line":29,"column":0},"end":{"line":null,"column":-1}},"10":{"start":{"line":32,"column":0},"end":{"line":null,"column":-1}},"11":{"start":{"line":37,"column":0},"end":{"line":null,"column":-1}},"12":{"start":{"line":38,"column":0},"end":{"line":null,"column":-1}},"13":{"start":{"line":39,"column":0},"end":{"line":null,"column":-1}}},"fnMap":{"0":{"name":"data","decl":{"start":{"line":4,"column":0},"end":{"line":null,"column":-1}},"loc":{"start":{"line":4,"column":0},"end":{"line":12,"column":0}}},"1":{"name":"goto","decl":{"start":{"line":14,"column":0},"end":{"line":null,"column":-1}},"loc":{"start":{"line":14,"column":0},"end":{"line":25,"column":0}}},"2":{"name":"numberOfItems","decl":{"start":{"line":28,"column":0},"end":{"line":null,"column":-1}},"loc":{"start":{"line":28,"column":0},"end":{"line":30,"column":0}}},"3":{"name":"skip","decl":{"start":{"line":31,"column":0},"end":{"line":null,"column":-1}},"loc":{"start":{"line":31,"column":0},"end":{"line":34,"column":0}}},"4":{"name":"mounted","decl":{"start":{"line":36,"column":0},"end":{"line":null,"column":-1}},"loc":{"start":{"line":36,"column":0},"end":{"line":40,"column":0}}},"5":{"name":"preventDefault","decl":{"start":{"line":39,"column":0},"end":{"line":null,"column":-1}},"loc":{"start":{"line":39,"column":0},"end":{"line":null,"column":-1}}}},"branchMap":{"0":{"loc":{"start":{"line":16,"column":0},"end":{"line":18,"column":0}},"type":"if","locations":[{"start":{"line":16,"column":0},"end":{"line":18,"column":0}},{"start":{"line":16,"column":0},"end":{"line":18,"column":0}}]},"1":{"loc":{"start":{"line":19,"column":0},"end":{"line":21,"column":0}},"type":"if","locations":[{"start":{"line":19,"column":0},"end":{"line":21,"column":0}},{"start":{"line":19,"column":0},"end":{"line":21,"column":0}}]}},"s":{"0":0,"1":0,"2":0,"3":0,"4":0,"5":0,"6":0,"7":0,"8":0,"9":0,"10":0,"11":0,"12":0,"13":0},"f":{"0":0,"1":0,"2":0,"3":0,"4":0,"5":0},"b":{"0":[0,0],"1":[0,0]}}
,"/Users/federica/Desktop/vuex-table/src/mixins/ObjectAccessMixin.js": {"path":"/Users/federica/Desktop/vuex-table/src/mixins/ObjectAccessMixin.js","statementMap":{"0":{"start":{"line":1,"column":10},"end":{"line":1,"column":0}},"1":{"start":{"line":6,"column":25},"end":{"line":6,"column":6}},"2":{"start":{"line":7,"column":6},"end":{"line":16,"column":7}},"3":{"start":{"line":8,"column":31},"end":{"line":8,"column":8}},"4":{"start":{"line":9,"column":21},"end":{"line":9,"column":8}},"5":{"start":{"line":10,"column":27},"end":{"line":10,"column":8}},"6":{"start":{"line":11,"column":26},"end":{"line":11,"column":8}},"7":{"start":{"line":13,"column":8},"end":{"line":null,"column":-1}},"8":{"start":{"line":17,"column":6},"end":{"line":null,"column":-1}},"9":{"start":{"line":21,"column":6},"end":{"line":28,"column":7}},"10":{"start":{"line":22,"column":8},"end":{"line":null,"column":-1}},"11":{"start":{"line":23,"column":13},"end":{"line":28,"column":7}},"12":{"start":{"line":24,"column":8},"end":{"line":26,"column":9}},"13":{"start":{"line":25,"column":10},"end":{"line":null,"column":-1}},"14":{"start":{"line":27,"column":8},"end":{"line":null,"column":-1}},"15":{"start":{"line":29,"column":6},"end":{"line":null,"column":-1}},"16":{"start":{"line":33,"column":6},"end":{"line":35,"column":7}},"17":{"start":{"line":34,"column":8},"end":{"line":null,"column":-1}},"18":{"start":{"line":37,"column":6},"end":{"line":45,"column":7}},"19":{"start":{"line":38,"column":8},"end":{"line":null,"column":-1}},"20":{"start":{"line":39,"column":13},"end":{"line":45,"column":7}},"21":{"start":{"line":40,"column":8},"end":{"line":42,"column":9}},"22":{"start":{"line":41,"column":10},"end":{"line":null,"column":-1}},"23":{"start":{"line":43,"column":13},"end":{"line":45,"column":7}},"24":{"start":{"line":44,"column":8},"end":{"line":null,"column":-1}},"25":{"start":{"line":46,"column":6},"end":{"line":null,"column":-1}},"26":{"start":{"line":51,"column":16},"end":{"line":51,"column":6}},"27":{"start":{"line":53,"column":6},"end":{"line":55,"column":7}},"28":{"start":{"line":54,"column":8},"end":{"line":53,"column":26}},"29":{"start":{"line":57,"column":6},"end":{"line":68,"column":7}},"30":{"start":{"line":58,"column":18},"end":{"line":58,"column":8}},"31":{"start":{"line":59,"column":21},"end":{"line":59,"column":8}},"32":{"start":{"line":60,"column":24},"end":{"line":57,"column":24}},"33":{"start":{"line":57,"column":24},"end":{"line":60,"column":8}},"34":{"start":{"line":60,"column":9},"end":{"line":60,"column":14}},"35":{"start":{"line":60,"column":14},"end":{"line":57,"column":24}},"36":{"start":{"line":61,"column":8},"end":{"line":63,"column":9}},"37":{"start":{"line":62,"column":10},"end":{"line":null,"column":-1}},"38":{"start":{"line":64,"column":8},"end":{"line":66,"column":9}},"39":{"start":{"line":65,"column":10},"end":{"line":null,"column":-1}},"40":{"start":{"line":67,"column":8},"end":{"line":null,"column":-1}},"41":{"start":{"line":69,"column":6},"end":{"line":null,"column":-1}},"42":{"start":{"line":73,"column":16},"end":{"line":73,"column":6}},"43":{"start":{"line":74,"column":6},"end":{"line":76,"column":7}},"44":{"start":{"line":75,"column":8},"end":{"line":null,"column":-1}},"45":{"start":{"line":78,"column":16},"end":{"line":78,"column":6}},"46":{"start":{"line":79,"column":19},"end":{"line":79,"column":6}},"47":{"start":{"line":80,"column":22},"end":{"line":72,"column":39}},"48":{"start":{"line":72,"column":39},"end":{"line":80,"column":6}},"49":{"start":{"line":80,"column":7},"end":{"line":80,"column":12}},"50":{"start":{"line":80,"column":12},"end":{"line":72,"column":39}},"51":{"start":{"line":81,"column":6},"end":{"line":83,"column":7}},"52":{"start":{"line":82,"column":8},"end":{"line":null,"column":-1}},"53":{"start":{"line":84,"column":6},"end":{"line":86,"column":7}},"54":{"start":{"line":85,"column":8},"end":{"line":null,"column":-1}},"55":{"start":{"line":87,"column":6},"end":{"line":null,"column":-1}},"56":{"start":{"line":90,"column":20},"end":{"line":90,"column":6}},"57":{"start":{"line":91,"column":6},"end":{"line":null,"column":-1}},"58":{"start":{"line":92,"column":8},"end":{"line":95,"column":9}},"59":{"start":{"line":93,"column":10},"end":{"line":null,"column":-1}},"60":{"start":{"line":94,"column":10},"end":{"line":null,"column":-1}},"61":{"start":{"line":96,"column":23},"end":{"line":96,"column":8}},"62":{"start":{"line":97,"column":8},"end":{"line":null,"column":-1}},"63":{"start":{"line":98,"column":8},"end":{"line":null,"column":-1}},"64":{"start":{"line":103,"column":6},"end":{"line":null,"column":-1}},"65":{"start":{"line":104,"column":16},"end":{"line":103,"column":12}},"66":{"start":{"line":108,"column":43},"end":{"line":null,"column":-1}},"67":{"start":{"line":109,"column":6},"end":{"line":null,"column":-1}},"68":{"start":{"line":110,"column":8},"end":{"line":132,"column":9}},"69":{"start":{"line":111,"column":10},"end":{"line":129,"column":11}},"70":{"start":{"line":112,"column":12},"end":{"line":null,"column":-1}},"71":{"start":{"line":113,"column":17},"end":{"line":129,"column":11}},"72":{"start":{"line":114,"column":12},"end":{"line":124,"column":13}},"73":{"start":{"line":115,"column":14},"end":{"line":114,"column":46}},"74":{"start":{"line":119,"column":14},"end":{"line":null,"column":-1}},"75":{"start":{"line":120,"column":16},"end":{"line":null,"column":-1}},"76":{"start":{"line":121,"column":16},"end":{"line":null,"column":-1}},"77":{"start":{"line":123,"column":14},"end":{"line":null,"column":-1}},"78":{"start":{"line":125,"column":17},"end":{"line":129,"column":11}},"79":{"start":{"line":126,"column":12},"end":{"line":null,"column":-1}},"80":{"start":{"line":128,"column":12},"end":{"line":null,"column":-1}},"81":{"start":{"line":131,"column":10},"end":{"line":null,"column":-1}},"82":{"start":{"line":133,"column":8},"end":{"line":null,"column":-1}},"83":{"start":{"line":136,"column":46},"end":{"line":136,"column":45}},"84":{"start":{"line":137,"column":21},"end":{"line":137,"column":6}},"85":{"start":{"line":138,"column":6},"end":{"line":140,"column":7}},"86":{"start":{"line":139,"column":8},"end":{"line":null,"column":-1}},"87":{"start":{"line":141,"column":6},"end":{"line":null,"column":-1}}},"fnMap":{"0":{"name":"truncate","decl":{"start":{"line":4,"column":11},"end":{"line":5,"column":12}},"loc":{"start":{"line":5,"column":36},"end":{"line":4,"column":11}}},"1":{"name":"_return_inner_object","decl":{"start":{"line":4,"column":11},"end":{"line":20,"column":24}},"loc":{"start":{"line":20,"column":39},"end":{"line":4,"column":11}}},"2":{"name":"_test_inner_object","decl":{"start":{"line":4,"column":11},"end":{"line":32,"column":22}},"loc":{"start":{"line":32,"column":36},"end":{"line":4,"column":11}}},"3":{"name":"find_object_with_path","decl":{"start":{"line":4,"column":11},"end":{"line":50,"column":25}},"loc":{"start":{"line":50,"column":40},"end":{"line":4,"column":11}}},"4":{"name":"find_value_with_path","decl":{"start":{"line":4,"column":11},"end":{"line":72,"column":24}},"loc":{"start":{"line":72,"column":39},"end":{"line":4,"column":11}}},"5":{"name":"make_nested_object_from_path","decl":{"start":{"line":4,"column":11},"end":{"line":89,"column":32}},"loc":{"start":{"line":89,"column":51},"end":{"line":4,"column":11}}},"6":{"name":"(anonymous_7)","decl":{"start":{"line":91,"column":26},"end":{"line":91,"column":26}},"loc":{"start":{"line":91,"column":42},"end":{"line":91,"column":13}}},"7":{"name":"to_matrix","decl":{"start":{"line":4,"column":11},"end":{"line":102,"column":13}},"loc":{"start":{"line":102,"column":34},"end":{"line":4,"column":11}}},"8":{"name":"(anonymous_9)","decl":{"start":{"line":104,"column":16},"end":{"line":104,"column":16}},"loc":{"start":{"line":104,"column":16},"end":{"line":103,"column":13}}},"9":{"name":"merge_with_replacement","decl":{"start":{"line":4,"column":11},"end":{"line":108,"column":26}},"loc":{"start":{"line":108,"column":43},"end":{"line":4,"column":11}}},"10":{"name":"(anonymous_11)","decl":{"start":{"line":109,"column":40},"end":{"line":109,"column":40}},"loc":{"start":{"line":109,"column":54},"end":{"line":109,"column":13}}},"11":{"name":"(anonymous_12)","decl":{"start":{"line":119,"column":41},"end":{"line":119,"column":41}},"loc":{"start":{"line":119,"column":62},"end":{"line":119,"column":25}}},"12":{"name":"_oa_find","decl":{"start":{"line":4,"column":11},"end":{"line":136,"column":12}},"loc":{"start":{"line":136,"column":46},"end":{"line":4,"column":11}}}},"branchMap":{"0":{"loc":{"start":{"line":7,"column":6},"end":{"line":16,"column":7}},"type":"if","locations":[{"start":{"line":7,"column":6},"end":{"line":16,"column":7}},{"start":{"line":7,"column":6},"end":{"line":16,"column":7}}]},"1":{"loc":{"start":{"line":21,"column":6},"end":{"line":28,"column":7}},"type":"if","locations":[{"start":{"line":21,"column":6},"end":{"line":28,"column":7}},{"start":{"line":21,"column":6},"end":{"line":28,"column":7}}]},"2":{"loc":{"start":{"line":23,"column":13},"end":{"line":28,"column":7}},"type":"if","locations":[{"start":{"line":23,"column":13},"end":{"line":28,"column":7}},{"start":{"line":23,"column":13},"end":{"line":28,"column":7}}]},"3":{"loc":{"start":{"line":23,"column":17},"end":{"line":23,"column":23}},"type":"cond-expr","locations":[{"start":{"line":23,"column":17},"end":{"line":23,"column":23}},{"start":{"line":23,"column":17},"end":{"line":23,"column":34}}]},"4":{"loc":{"start":{"line":24,"column":8},"end":{"line":26,"column":9}},"type":"if","locations":[{"start":{"line":24,"column":8},"end":{"line":26,"column":9}},{"start":{"line":24,"column":8},"end":{"line":26,"column":9}}]},"5":{"loc":{"start":{"line":33,"column":6},"end":{"line":35,"column":7}},"type":"if","locations":[{"start":{"line":33,"column":6},"end":{"line":35,"column":7}},{"start":{"line":33,"column":6},"end":{"line":35,"column":7}}]},"6":{"loc":{"start":{"line":37,"column":6},"end":{"line":45,"column":7}},"type":"if","locations":[{"start":{"line":37,"column":6},"end":{"line":45,"column":7}},{"start":{"line":37,"column":6},"end":{"line":45,"column":7}}]},"7":{"loc":{"start":{"line":39,"column":13},"end":{"line":45,"column":7}},"type":"if","locations":[{"start":{"line":39,"column":13},"end":{"line":45,"column":7}},{"start":{"line":39,"column":13},"end":{"line":45,"column":7}}]},"8":{"loc":{"start":{"line":40,"column":8},"end":{"line":42,"column":9}},"type":"if","locations":[{"start":{"line":40,"column":8},"end":{"line":42,"column":9}},{"start":{"line":40,"column":8},"end":{"line":42,"column":9}}]},"9":{"loc":{"start":{"line":43,"column":13},"end":{"line":45,"column":7}},"type":"if","locations":[{"start":{"line":43,"column":13},"end":{"line":45,"column":7}},{"start":{"line":43,"column":13},"end":{"line":45,"column":7}}]},"10":{"loc":{"start":{"line":53,"column":6},"end":{"line":55,"column":7}},"type":"if","locations":[{"start":{"line":53,"column":6},"end":{"line":55,"column":7}},{"start":{"line":53,"column":6},"end":{"line":55,"column":7}}]},"11":{"loc":{"start":{"line":57,"column":6},"end":{"line":68,"column":7}},"type":"if","locations":[{"start":{"line":57,"column":6},"end":{"line":68,"column":7}},{"start":{"line":57,"column":6},"end":{"line":68,"column":7}}]},"12":{"loc":{"start":{"line":61,"column":8},"end":{"line":63,"column":9}},"type":"if","locations":[{"start":{"line":61,"column":8},"end":{"line":63,"column":9}},{"start":{"line":61,"column":8},"end":{"line":63,"column":9}}]},"13":{"loc":{"start":{"line":64,"column":8},"end":{"line":66,"column":9}},"type":"if","locations":[{"start":{"line":64,"column":8},"end":{"line":66,"column":9}},{"start":{"line":64,"column":8},"end":{"line":66,"column":9}}]},"14":{"loc":{"start":{"line":74,"column":6},"end":{"line":76,"column":7}},"type":"if","locations":[{"start":{"line":74,"column":6},"end":{"line":76,"column":7}},{"start":{"line":74,"column":6},"end":{"line":76,"column":7}}]},"15":{"loc":{"start":{"line":81,"column":6},"end":{"line":83,"column":7}},"type":"if","locations":[{"start":{"line":81,"column":6},"end":{"line":83,"column":7}},{"start":{"line":81,"column":6},"end":{"line":83,"column":7}}]},"16":{"loc":{"start":{"line":84,"column":6},"end":{"line":86,"column":7}},"type":"if","locations":[{"start":{"line":84,"column":6},"end":{"line":86,"column":7}},{"start":{"line":84,"column":6},"end":{"line":86,"column":7}}]},"17":{"loc":{"start":{"line":92,"column":8},"end":{"line":95,"column":9}},"type":"if","locations":[{"start":{"line":92,"column":8},"end":{"line":95,"column":9}},{"start":{"line":92,"column":8},"end":{"line":95,"column":9}}]},"18":{"loc":{"start":{"line":104,"column":39},"end":{"line":104,"column":38}},"type":"binary-expr","locations":[{"start":{"line":104,"column":39},"end":{"line":104,"column":38}},{"start":{"line":105,"column":48},"end":{"line":104,"column":16}}]},"19":{"loc":{"start":{"line":104,"column":65},"end":{"line":104,"column":39}},"type":"cond-expr","locations":[{"start":{"line":104,"column":65},"end":{"line":104,"column":39}},{"start":{"line":105,"column":12},"end":{"line":104,"column":38}}]},"20":{"loc":{"start":{"line":110,"column":8},"end":{"line":132,"column":9}},"type":"if","locations":[{"start":{"line":110,"column":8},"end":{"line":132,"column":9}},{"start":{"line":110,"column":8},"end":{"line":132,"column":9}}]},"21":{"loc":{"start":{"line":111,"column":10},"end":{"line":129,"column":11}},"type":"if","locations":[{"start":{"line":111,"column":10},"end":{"line":129,"column":11}},{"start":{"line":111,"column":10},"end":{"line":129,"column":11}}]},"22":{"loc":{"start":{"line":113,"column":17},"end":{"line":129,"column":11}},"type":"if","locations":[{"start":{"line":113,"column":17},"end":{"line":129,"column":11}},{"start":{"line":113,"column":17},"end":{"line":129,"column":11}}]},"23":{"loc":{"start":{"line":114,"column":12},"end":{"line":124,"column":13}},"type":"if","locations":[{"start":{"line":114,"column":12},"end":{"line":124,"column":13}},{"start":{"line":114,"column":12},"end":{"line":124,"column":13}}]},"24":{"loc":{"start":{"line":125,"column":17},"end":{"line":129,"column":11}},"type":"if","locations":[{"start":{"line":125,"column":17},"end":{"line":129,"column":11}},{"start":{"line":125,"column":17},"end":{"line":129,"column":11}}]},"25":{"loc":{"start":{"line":136,"column":46},"end":{"line":136,"column":39}},"type":"cond-expr","locations":[{"start":{"line":136,"column":46},"end":{"line":136,"column":39}},{"start":{"line":136,"column":40},"end":{"line":136,"column":46}}]},"26":{"loc":{"start":{"line":136,"column":46},"end":{"line":136,"column":39}},"type":"binary-expr","locations":[{"start":{"line":136,"column":46},"end":{"line":136,"column":39}},{"start":{"line":136,"column":46},"end":{"line":136,"column":39}}]},"27":{"loc":{"start":{"line":138,"column":6},"end":{"line":140,"column":7}},"type":"if","locations":[{"start":{"line":138,"column":6},"end":{"line":140,"column":7}},{"start":{"line":138,"column":6},"end":{"line":140,"column":7}}]}},"s":{"0":0,"1":0,"2":0,"3":0,"4":0,"5":0,"6":0,"7":0,"8":0,"9":0,"10":0,"11":0,"12":0,"13":0,"14":0,"15":0,"16":0,"17":0,"18":0,"19":0,"20":0,"21":0,"22":0,"23":0,"24":0,"25":0,"26":0,"27":0,"28":0,"29":0,"30":0,"31":0,"32":0,"33":0,"34":0,"35":0,"36":0,"37":0,"38":0,"39":0,"40":0,"41":0,"42":0,"43":0,"44":0,"45":0,"46":0,"47":0,"48":0,"49":0,"50":0,"51":0,"52":0,"53":0,"54":0,"55":0,"56":0,"57":0,"58":0,"59":0,"60":0,"61":0,"62":0,"63":0,"64":0,"65":0,"66":0,"67":0,"68":0,"69":0,"70":0,"71":0,"72":0,"73":0,"74":0,"75":0,"76":0,"77":0,"78":0,"79":0,"80":0,"81":0,"82":0,"83":0,"84":0,"85":0,"86":0,"87":0},"f":{"0":0,"1":0,"2":0,"3":0,"4":0,"5":0,"6":0,"7":0,"8":0,"9":0,"10":0,"11":0,"12":0},"b":{"0":[0,0],"1":[0,0],"2":[0,0],"3":[0,0],"4":[0,0],"5":[0,0],"6":[0,0],"7":[0,0],"8":[0,0],"9":[0,0],"10":[0,0],"11":[0,0],"12":[0,0],"13":[0,0],"14":[0,0],"15":[0,0],"16":[0,0],"17":[0,0],"18":[0,0],"19":[0,0],"20":[0,0],"21":[0,0],"22":[0,0],"23":[0,0],"24":[0,0],"25":[0,0],"26":[0,0],"27":[0,0]}}
}
