TN:
SF:/Users/federica/Desktop/vuex-table/src/App.vue
FN:22,data
FNF:1
FNH:0
FNDA:0,data
DA:15,0
DA:23,0
LF:2
LH:0
BRF:0
BRH:0
end_of_record
TN:
SF:/Users/federica/Desktop/vuex-table/src/store.js
FNF:0
FNH:0
DA:1,0
DA:2,0
LF:2
LH:0
BRF:0
BRH:0
end_of_record
TN:
SF:/Users/federica/Desktop/vuex-table/src/components/column/Column.js
FN:1,data
FNF:1
FNH:0
FNDA:0,data
DA:4,0
LF:1
LH:0
BRDA:6,0,0,0
BRDA:6,0,1,0
BRF:2
BRH:0
end_of_record
TN:
SF:/Users/federica/Desktop/vuex-table/src/components/column/Column.vue
FN:3,data
FNF:1
FNH:0
FNDA:0,data
DA:4,0
LF:1
LH:0
BRDA:6,0,0,0
BRDA:6,0,1,0
BRF:2
BRH:0
end_of_record
TN:
SF:/Users/federica/Desktop/vuex-table/src/components/datatable/Datatable.js
FN:6,data
FN:27,(anonymous_2)
FN:36,_default
FN:37,_default
FN:51,_default
FN:53,_default
FN:54,_default
FN:57,_default
FN:59,_default
FN:65,paginateData
FN:65,isAllChecked
FN:81,(anonymous_12)
FN:85,(anonymous_13)
FN:65,isAllUncheckable
FN:90,(anonymous_15)
FN:65,searchData
FN:97,(anonymous_17)
FN:97,(anonymous_18)
FN:97,(anonymous_19)
FN:65,hasSortableNewColumns
FN:105,(anonymous_21)
FN:65,isMobile
FN:113,setData
FN:119,(anonymous_24)
FN:113,total
FN:113,columns
FN:113,newColumns
FN:140,(anonymous_28)
FN:113,currentPage
FN:113,rows
FN:113,openedDetailed
FN:113,value
FN:113,newValue
FN:165,sortBy
FN:171,(anonymous_35)
FN:173,(anonymous_36)
FN:165,sort
FN:165,initializeSort
FN:223,(anonymous_39)
FN:165,changePage
FN:165,isRowChecked
FN:165,removeCheckedRow
FN:165,checkRow
FN:165,checkAll
FN:262,(anonymous_45)
FN:165,getValueByPath
FN:275,(anonymous_47)
FN:165,checkColumn
FN:165,nextCard
FN:165,previousCard
FN:165,toggleDetails
FN:165,openDetailRow
FN:165,closeDetailRow
FN:165,isVisibleDetailRow
FN:165,handleDetailKey
FNF:55
FNH:0
FNDA:0,data
FNDA:0,(anonymous_2)
FNDA:0,_default
FNDA:0,_default
FNDA:0,_default
FNDA:0,_default
FNDA:0,_default
FNDA:0,_default
FNDA:0,_default
FNDA:0,paginateData
FNDA:0,isAllChecked
FNDA:0,(anonymous_12)
FNDA:0,(anonymous_13)
FNDA:0,isAllUncheckable
FNDA:0,(anonymous_15)
FNDA:0,searchData
FNDA:0,(anonymous_17)
FNDA:0,(anonymous_18)
FNDA:0,(anonymous_19)
FNDA:0,hasSortableNewColumns
FNDA:0,(anonymous_21)
FNDA:0,isMobile
FNDA:0,setData
FNDA:0,(anonymous_24)
FNDA:0,total
FNDA:0,columns
FNDA:0,newColumns
FNDA:0,(anonymous_28)
FNDA:0,currentPage
FNDA:0,rows
FNDA:0,openedDetailed
FNDA:0,value
FNDA:0,newValue
FNDA:0,sortBy
FNDA:0,(anonymous_35)
FNDA:0,(anonymous_36)
FNDA:0,sort
FNDA:0,initializeSort
FNDA:0,(anonymous_39)
FNDA:0,changePage
FNDA:0,isRowChecked
FNDA:0,removeCheckedRow
FNDA:0,checkRow
FNDA:0,checkAll
FNDA:0,(anonymous_45)
FNDA:0,getValueByPath
FNDA:0,(anonymous_47)
FNDA:0,checkColumn
FNDA:0,nextCard
FNDA:0,previousCard
FNDA:0,toggleDetails
FNDA:0,openDetailRow
FNDA:0,closeDetailRow
FNDA:0,isVisibleDetailRow
FNDA:0,handleDetailKey
DA:1,0
DA:2,0
DA:3,0
DA:4,0
DA:11,0
DA:28,0
DA:29,0
DA:36,0
DA:37,0
DA:51,0
DA:53,0
DA:54,0
DA:57,0
DA:59,0
DA:67,0
DA:68,0
DA:70,0
DA:71,0
DA:72,0
DA:73,0
DA:75,0
DA:76,0
DA:77,0
DA:79,0
DA:80,0
DA:81,0
DA:82,0
DA:83,0
DA:85,0
DA:86,0
DA:89,0
DA:90,0
DA:91,0
DA:95,0
DA:96,0
DA:97,0
DA:101,0
DA:105,0
DA:109,0
DA:110,0
DA:114,0
DA:115,0
DA:117,0
DA:118,0
DA:119,0
DA:120,0
DA:122,0
DA:123,0
DA:127,0
DA:128,0
DA:131,0
DA:133,0
DA:134,0
DA:135,0
DA:136,0
DA:137,0
DA:138,0
DA:139,0
DA:140,0
DA:145,0
DA:148,0
DA:152,0
DA:156,0
DA:160,0
DA:168,0
DA:169,0
DA:170,0
DA:171,0
DA:173,0
DA:174,0
DA:175,0
DA:176,0
DA:177,0
DA:178,0
DA:179,0
DA:180,0
DA:181,0
DA:184,0
DA:187,0
DA:188,0
DA:189,0
DA:191,0
DA:192,0
DA:194,0
DA:195,0
DA:198,0
DA:205,0
DA:209,0
DA:210,0
DA:211,0
DA:213,0
DA:214,0
DA:215,0
DA:216,0
DA:217,0
DA:218,0
DA:221,0
DA:223,0
DA:224,0
DA:225,0
DA:226,0
DA:233,0
DA:234,0
DA:235,0
DA:241,0
DA:245,0
DA:246,0
DA:247,0
DA:251,0
DA:252,0
DA:254,0
DA:256,0
DA:257,0
DA:260,0
DA:261,0
DA:262,0
DA:263,0
DA:264,0
DA:265,0
DA:266,0
DA:270,0
DA:271,0
DA:272,0
DA:275,0
DA:276,0
DA:280,0
DA:281,0
DA:282,0
DA:287,0
DA:288,0
DA:289,0
DA:293,0
DA:294,0
DA:295,0
DA:302,0
DA:304,0
DA:305,0
DA:306,0
DA:308,0
DA:309,0
DA:311,0
DA:315,0
DA:316,0
DA:320,0
DA:321,0
DA:322,0
DA:326,0
DA:327,0
DA:328,0
DA:332,0
DA:333,0
LF:151
LH:0
BRDA:15,0,0,0
BRDA:15,0,1,0
BRDA:28,1,0,0
BRDA:28,1,1,0
BRDA:67,2,0,0
BRDA:67,2,1,0
BRDA:72,3,0,0
BRDA:72,3,1,0
BRDA:82,4,0,0
BRDA:82,4,1,0
BRDA:95,5,0,0
BRDA:95,5,1,0
BRDA:109,6,0,0
BRDA:109,6,1,0
BRDA:120,7,0,0
BRDA:120,7,1,0
BRDA:122,8,0,0
BRDA:122,8,1,0
BRDA:127,9,0,0
BRDA:127,9,1,0
BRDA:134,10,0,0
BRDA:134,10,1,0
BRDA:134,11,0,0
BRDA:134,11,1,0
BRDA:137,12,0,0
BRDA:137,12,1,0
BRDA:138,13,0,0
BRDA:138,13,1,0
BRDA:148,14,0,0
BRDA:148,14,1,0
BRDA:170,15,0,0
BRDA:170,15,1,0
BRDA:170,16,0,0
BRDA:170,16,1,0
BRDA:176,17,0,0
BRDA:176,17,1,0
BRDA:176,18,0,0
BRDA:176,18,1,0
BRDA:177,19,0,0
BRDA:177,19,1,0
BRDA:177,20,0,0
BRDA:177,20,1,0
BRDA:178,21,0,0
BRDA:178,21,1,0
BRDA:179,22,0,0
BRDA:179,22,1,0
BRDA:180,23,0,0
BRDA:180,23,1,0
BRDA:181,24,0,0
BRDA:181,24,1,0
BRDA:187,25,0,0
BRDA:187,25,1,0
BRDA:187,26,0,0
BRDA:187,26,1,0
BRDA:188,27,0,0
BRDA:188,27,1,0
BRDA:191,28,0,0
BRDA:191,28,1,0
BRDA:192,29,0,0
BRDA:192,29,1,0
BRDA:194,30,0,0
BRDA:194,30,1,0
BRDA:195,31,0,0
BRDA:195,31,1,0
BRDA:210,32,0,0
BRDA:210,32,1,0
BRDA:215,33,0,0
BRDA:215,33,1,0
BRDA:217,34,0,0
BRDA:217,34,1,0
BRDA:224,35,0,0
BRDA:224,35,1,0
BRDA:233,36,0,0
BRDA:233,36,1,0
BRDA:246,37,0,0
BRDA:246,37,1,0
BRDA:251,38,0,0
BRDA:251,38,1,0
BRDA:264,39,0,0
BRDA:264,39,1,0
BRDA:265,40,0,0
BRDA:265,40,1,0
BRDA:288,41,0,0
BRDA:288,41,1,0
BRDA:294,42,0,0
BRDA:294,42,1,0
BRDA:304,43,0,0
BRDA:304,43,1,0
BRDA:333,44,0,0
BRDA:333,44,1,0
BRF:90
BRH:0
end_of_record
TN:
SF:/Users/federica/Desktop/vuex-table/src/components/datatable/Datatable.vue
FN:10,data
FN:27,(anonymous_3)
FN:36,_default
FN:37,_default
FN:51,_default
FN:53,_default
FN:54,_default
FN:57,_default
FN:59,_default
FN:66,paginateData
FN:79,isAllChecked
FN:80,(anonymous_13)
FN:85,(anonymous_14)
FN:89,isAllUncheckable
FN:90,(anonymous_16)
FN:94,searchData
FN:97,(anonymous_18)
FN:104,hasSortableNewColumns
FN:105,(anonymous_22)
FN:108,isMobile
FN:114,setData
FN:119,(anonymous_25)
FN:126,total
FN:130,columns
FN:133,newColumns
FN:139,(anonymous_29)
FN:144,currentPage
FN:147,rows
FN:151,openedDetailed
FN:155,value
FN:159,newValue
FN:168,sortBy
FN:171,(anonymous_36)
FN:173,(anonymous_37)
FN:187,sort
FN:209,initializeSort
FN:223,(anonymous_40)
FN:232,changePage
FN:240,isRowChecked
FN:244,removeCheckedRow
FN:250,checkRow
FN:260,checkAll
FN:262,(anonymous_46)
FN:274,getValueByPath
FN:275,(anonymous_48)
FN:279,checkColumn
FN:286,nextCard
FN:292,previousCard
FN:301,toggleDetails
FN:314,openDetailRow
FN:319,closeDetailRow
FN:325,isVisibleDetailRow
FN:331,handleDetailKey
FNF:53
FNH:0
FNDA:0,data
FNDA:0,(anonymous_3)
FNDA:0,_default
FNDA:0,_default
FNDA:0,_default
FNDA:0,_default
FNDA:0,_default
FNDA:0,_default
FNDA:0,_default
FNDA:0,paginateData
FNDA:0,isAllChecked
FNDA:0,(anonymous_13)
FNDA:0,(anonymous_14)
FNDA:0,isAllUncheckable
FNDA:0,(anonymous_16)
FNDA:0,searchData
FNDA:0,(anonymous_18)
FNDA:0,hasSortableNewColumns
FNDA:0,(anonymous_22)
FNDA:0,isMobile
FNDA:0,setData
FNDA:0,(anonymous_25)
FNDA:0,total
FNDA:0,columns
FNDA:0,newColumns
FNDA:0,(anonymous_29)
FNDA:0,currentPage
FNDA:0,rows
FNDA:0,openedDetailed
FNDA:0,value
FNDA:0,newValue
FNDA:0,sortBy
FNDA:0,(anonymous_36)
FNDA:0,(anonymous_37)
FNDA:0,sort
FNDA:0,initializeSort
FNDA:0,(anonymous_40)
FNDA:0,changePage
FNDA:0,isRowChecked
FNDA:0,removeCheckedRow
FNDA:0,checkRow
FNDA:0,checkAll
FNDA:0,(anonymous_46)
FNDA:0,getValueByPath
FNDA:0,(anonymous_48)
FNDA:0,checkColumn
FNDA:0,nextCard
FNDA:0,previousCard
FNDA:0,toggleDetails
FNDA:0,openDetailRow
FNDA:0,closeDetailRow
FNDA:0,isVisibleDetailRow
FNDA:0,handleDetailKey
DA:1,0
DA:2,0
DA:3,0
DA:4,0
DA:5,0
DA:11,0
DA:28,0
DA:29,0
DA:36,0
DA:37,0
DA:51,0
DA:53,0
DA:54,0
DA:57,0
DA:59,0
DA:67,0
DA:68,0
DA:70,0
DA:71,0
DA:72,0
DA:73,0
DA:75,0
DA:76,0
DA:77,0
DA:79,0
DA:80,0
DA:81,0
DA:82,0
DA:83,0
DA:85,0
DA:86,0
DA:89,0
DA:90,0
DA:91,0
DA:95,0
DA:96,0
DA:97,0
DA:101,0
DA:105,0
DA:109,0
DA:110,0
DA:114,0
DA:115,0
DA:117,0
DA:118,0
DA:119,0
DA:120,0
DA:122,0
DA:123,0
DA:127,0
DA:128,0
DA:131,0
DA:133,0
DA:134,0
DA:135,0
DA:136,0
DA:137,0
DA:138,0
DA:139,0
DA:140,0
DA:145,0
DA:148,0
DA:152,0
DA:156,0
DA:160,0
DA:168,0
DA:169,0
DA:170,0
DA:171,0
DA:173,0
DA:174,0
DA:175,0
DA:176,0
DA:177,0
DA:178,0
DA:179,0
DA:180,0
DA:181,0
DA:184,0
DA:187,0
DA:188,0
DA:189,0
DA:191,0
DA:192,0
DA:194,0
DA:195,0
DA:198,0
DA:205,0
DA:209,0
DA:210,0
DA:211,0
DA:213,0
DA:214,0
DA:215,0
DA:216,0
DA:217,0
DA:218,0
DA:221,0
DA:223,0
DA:224,0
DA:225,0
DA:226,0
DA:233,0
DA:234,0
DA:235,0
DA:241,0
DA:245,0
DA:246,0
DA:247,0
DA:251,0
DA:252,0
DA:254,0
DA:256,0
DA:257,0
DA:260,0
DA:261,0
DA:262,0
DA:263,0
DA:264,0
DA:265,0
DA:266,0
DA:270,0
DA:271,0
DA:272,0
DA:275,0
DA:276,0
DA:280,0
DA:281,0
DA:282,0
DA:287,0
DA:288,0
DA:289,0
DA:293,0
DA:294,0
DA:295,0
DA:302,0
DA:304,0
DA:305,0
DA:306,0
DA:308,0
DA:309,0
DA:311,0
DA:315,0
DA:316,0
DA:320,0
DA:321,0
DA:322,0
DA:326,0
DA:327,0
DA:328,0
DA:332,0
DA:333,0
LF:152
LH:0
BRDA:15,0,0,0
BRDA:15,0,1,0
BRDA:28,1,0,0
BRDA:28,1,1,0
BRDA:67,2,0,0
BRDA:67,2,1,0
BRDA:72,3,0,0
BRDA:72,3,1,0
BRDA:82,4,0,0
BRDA:82,4,1,0
BRDA:95,5,0,0
BRDA:95,5,1,0
BRDA:109,6,0,0
BRDA:109,6,1,0
BRDA:120,7,0,0
BRDA:120,7,1,0
BRDA:122,8,0,0
BRDA:122,8,1,0
BRDA:127,9,0,0
BRDA:127,9,1,0
BRDA:134,10,0,0
BRDA:134,10,1,0
BRDA:134,11,0,0
BRDA:134,11,1,0
BRDA:137,12,0,0
BRDA:137,12,1,0
BRDA:138,13,0,0
BRDA:138,13,1,0
BRDA:148,14,0,0
BRDA:148,14,1,0
BRDA:170,15,0,0
BRDA:170,15,1,0
BRDA:170,16,0,0
BRDA:170,16,1,0
BRDA:176,17,0,0
BRDA:176,17,1,0
BRDA:177,18,0,0
BRDA:177,18,1,0
BRDA:178,19,0,0
BRDA:178,19,1,0
BRDA:179,20,0,0
BRDA:179,20,1,0
BRDA:180,21,0,0
BRDA:180,21,1,0
BRDA:181,22,0,0
BRDA:181,22,1,0
BRDA:187,23,0,0
BRDA:187,23,1,0
BRDA:188,24,0,0
BRDA:188,24,1,0
BRDA:191,25,0,0
BRDA:191,25,1,0
BRDA:192,26,0,0
BRDA:192,26,1,0
BRDA:194,27,0,0
BRDA:194,27,1,0
BRDA:195,28,0,0
BRDA:195,28,1,0
BRDA:210,29,0,0
BRDA:210,29,1,0
BRDA:215,30,0,0
BRDA:215,30,1,0
BRDA:217,31,0,0
BRDA:217,31,1,0
BRDA:224,32,0,0
BRDA:224,32,1,0
BRDA:233,33,0,0
BRDA:233,33,1,0
BRDA:246,34,0,0
BRDA:246,34,1,0
BRDA:251,35,0,0
BRDA:251,35,1,0
BRDA:264,36,0,0
BRDA:264,36,1,0
BRDA:265,37,0,0
BRDA:265,37,1,0
BRDA:288,38,0,0
BRDA:288,38,1,0
BRDA:294,39,0,0
BRDA:294,39,1,0
BRDA:304,40,0,0
BRDA:304,40,1,0
BRDA:333,41,0,0
BRDA:333,41,1,0
BRF:84
BRH:0
end_of_record
TN:
SF:/Users/federica/Desktop/vuex-table/src/components/paginator/Paginator.js
FN:1,data
FN:13,goto
FN:27,numberOfItems
FN:27,skip
FN:1,mounted
FN:39,preventDefault
FNF:6
FNH:0
FNDA:0,data
FNDA:0,goto
FNDA:0,numberOfItems
FNDA:0,skip
FNDA:0,mounted
FNDA:0,preventDefault
DA:5,0
DA:15,0
DA:16,0
DA:17,0
DA:19,0
DA:20,0
DA:22,0
DA:23,0
DA:24,0
DA:29,0
DA:32,0
DA:37,0
DA:38,0
DA:39,0
LF:14
LH:0
BRDA:16,0,0,0
BRDA:16,0,1,0
BRDA:19,1,0,0
BRDA:19,1,1,0
BRF:4
BRH:0
end_of_record
TN:
SF:/Users/federica/Desktop/vuex-table/src/components/paginator/Paginator.vue
FN:4,data
FN:14,goto
FN:28,numberOfItems
FN:31,skip
FN:36,mounted
FN:39,preventDefault
FNF:6
FNH:0
FNDA:0,data
FNDA:0,goto
FNDA:0,numberOfItems
FNDA:0,skip
FNDA:0,mounted
FNDA:0,preventDefault
DA:5,0
DA:15,0
DA:16,0
DA:17,0
DA:19,0
DA:20,0
DA:22,0
DA:23,0
DA:24,0
DA:29,0
DA:32,0
DA:37,0
DA:38,0
DA:39,0
LF:14
LH:0
BRDA:16,0,0,0
BRDA:16,0,1,0
BRDA:19,1,0,0
BRDA:19,1,1,0
BRF:4
BRH:0
end_of_record
TN:
SF:/Users/federica/Desktop/vuex-table/src/mixins/ObjectAccessMixin.js
FN:4,truncate
FN:4,_return_inner_object
FN:4,_test_inner_object
FN:4,find_object_with_path
FN:4,find_value_with_path
FN:4,make_nested_object_from_path
FN:91,(anonymous_7)
FN:4,to_matrix
FN:104,(anonymous_9)
FN:4,merge_with_replacement
FN:109,(anonymous_11)
FN:119,(anonymous_12)
FN:4,_oa_find
FNF:13
FNH:0
FNDA:0,truncate
FNDA:0,_return_inner_object
FNDA:0,_test_inner_object
FNDA:0,find_object_with_path
FNDA:0,find_value_with_path
FNDA:0,make_nested_object_from_path
FNDA:0,(anonymous_7)
FNDA:0,to_matrix
FNDA:0,(anonymous_9)
FNDA:0,merge_with_replacement
FNDA:0,(anonymous_11)
FNDA:0,(anonymous_12)
FNDA:0,_oa_find
DA:1,0
DA:6,0
DA:7,0
DA:8,0
DA:9,0
DA:10,0
DA:11,0
DA:13,0
DA:17,0
DA:21,0
DA:22,0
DA:23,0
DA:24,0
DA:25,0
DA:27,0
DA:29,0
DA:33,0
DA:34,0
DA:37,0
DA:38,0
DA:39,0
DA:40,0
DA:41,0
DA:43,0
DA:44,0
DA:46,0
DA:51,0
DA:53,0
DA:54,0
DA:57,0
DA:58,0
DA:59,0
DA:60,0
DA:61,0
DA:62,0
DA:64,0
DA:65,0
DA:67,0
DA:69,0
DA:72,0
DA:73,0
DA:74,0
DA:75,0
DA:78,0
DA:79,0
DA:80,0
DA:81,0
DA:82,0
DA:84,0
DA:85,0
DA:87,0
DA:90,0
DA:91,0
DA:92,0
DA:93,0
DA:94,0
DA:96,0
DA:97,0
DA:98,0
DA:103,0
DA:104,0
DA:108,0
DA:109,0
DA:110,0
DA:111,0
DA:112,0
DA:113,0
DA:114,0
DA:115,0
DA:119,0
DA:120,0
DA:121,0
DA:123,0
DA:125,0
DA:126,0
DA:128,0
DA:131,0
DA:133,0
DA:136,0
DA:137,0
DA:138,0
DA:139,0
DA:141,0
LF:83
LH:0
BRDA:7,0,0,0
BRDA:7,0,1,0
BRDA:21,1,0,0
BRDA:21,1,1,0
BRDA:23,2,0,0
BRDA:23,2,1,0
BRDA:23,3,0,0
BRDA:23,3,1,0
BRDA:24,4,0,0
BRDA:24,4,1,0
BRDA:33,5,0,0
BRDA:33,5,1,0
BRDA:37,6,0,0
BRDA:37,6,1,0
BRDA:39,7,0,0
BRDA:39,7,1,0
BRDA:40,8,0,0
BRDA:40,8,1,0
BRDA:43,9,0,0
BRDA:43,9,1,0
BRDA:53,10,0,0
BRDA:53,10,1,0
BRDA:57,11,0,0
BRDA:57,11,1,0
BRDA:61,12,0,0
BRDA:61,12,1,0
BRDA:64,13,0,0
BRDA:64,13,1,0
BRDA:74,14,0,0
BRDA:74,14,1,0
BRDA:81,15,0,0
BRDA:81,15,1,0
BRDA:84,16,0,0
BRDA:84,16,1,0
BRDA:92,17,0,0
BRDA:92,17,1,0
BRDA:104,18,0,0
BRDA:104,18,1,0
BRDA:104,19,0,0
BRDA:104,19,1,0
BRDA:110,20,0,0
BRDA:110,20,1,0
BRDA:111,21,0,0
BRDA:111,21,1,0
BRDA:113,22,0,0
BRDA:113,22,1,0
BRDA:114,23,0,0
BRDA:114,23,1,0
BRDA:125,24,0,0
BRDA:125,24,1,0
BRDA:136,25,0,0
BRDA:136,25,1,0
BRDA:136,26,0,0
BRDA:136,26,1,0
BRDA:138,27,0,0
BRDA:138,27,1,0
BRF:56
BRH:0
end_of_record
